Analysis & Elaboration report for Laboratorio4
Fri Oct  6 20:20:40 2023
Quartus Prime Version 22.1std.2 Build 922 07/20/2023 SC Lite Edition


---------------------
; Table of Contents ;
---------------------
  1. Legal Notice
  2. Analysis & Elaboration Summary
  3. Parallel Compilation
  4. Analysis & Elaboration Settings
  5. Analysis & Elaboration Messages
  6. Analysis & Elaboration Suppressed Messages



----------------
; Legal Notice ;
----------------
Copyright (C) 2023  Intel Corporation. All rights reserved.
Your use of Intel Corporation's design tools, logic functions 
and other software and tools, and any partner logic 
functions, and any output files from any of the foregoing 
(including device programming or simulation files), and any 
associated documentation or information are expressly subject 
to the terms and conditions of the Intel Program License 
Subscription Agreement, the Intel Quartus Prime License Agreement,
the Intel FPGA IP License Agreement, or other applicable license
agreement, including, without limitation, that your use is for
the sole purpose of programming logic devices manufactured by
Intel and sold by Intel or its authorized distributors.  Please
refer to the applicable agreement for further details, at
https://fpgasoftware.intel.com/eula.



+--------------------------------------------------------------------------------+
; Analysis & Elaboration Summary                                                 ;
+-------------------------------+------------------------------------------------+
; Analysis & Elaboration Status ; Successful - Fri Oct  6 20:20:40 2023          ;
; Quartus Prime Version         ; 22.1std.2 Build 922 07/20/2023 SC Lite Edition ;
; Revision Name                 ; Laboratorio4                                   ;
; Top-level Entity Name         ; Movement                                       ;
; Family                        ; Cyclone V                                      ;
; Logic utilization (in ALMs)   ; N/A until Partition Merge                      ;
; Total registers               ; N/A until Partition Merge                      ;
; Total pins                    ; N/A until Partition Merge                      ;
; Total virtual pins            ; N/A until Partition Merge                      ;
; Total block memory bits       ; N/A until Partition Merge                      ;
; Total PLLs                    ; N/A until Partition Merge                      ;
; Total DLLs                    ; N/A until Partition Merge                      ;
+-------------------------------+------------------------------------------------+


+------------------------------------------+
; Parallel Compilation                     ;
+----------------------------+-------------+
; Processors                 ; Number      ;
+----------------------------+-------------+
; Number detected on machine ; 4           ;
; Maximum allowed            ; 2           ;
;                            ;             ;
; Average used               ; 1.00        ;
; Maximum used               ; 1           ;
;                            ;             ;
; Usage by Processor         ; % Time Used ;
;     Processor 1            ; 100.0%      ;
+----------------------------+-------------+


+---------------------------------------------------------------------------------------------------------------------------+
; Analysis & Elaboration Settings                                                                                           ;
+---------------------------------------------------------------------------------+--------------------+--------------------+
; Option                                                                          ; Setting            ; Default Value      ;
+---------------------------------------------------------------------------------+--------------------+--------------------+
; Device                                                                          ; 5CGXFC7C7F23C8     ;                    ;
; Top-level entity name                                                           ; Movement           ; Laboratorio4       ;
; Family name                                                                     ; Cyclone V          ; Cyclone V          ;
; Use smart compilation                                                           ; Off                ; Off                ;
; Enable parallel Assembler and Timing Analyzer during compilation                ; On                 ; On                 ;
; Enable compact report table                                                     ; Off                ; Off                ;
; Restructure Multiplexers                                                        ; Auto               ; Auto               ;
; MLAB Add Timing Constraints For Mixed-Port Feed-Through Mode Setting Don't Care ; Off                ; Off                ;
; Create Debugging Nodes for IP Cores                                             ; Off                ; Off                ;
; Preserve fewer node names                                                       ; On                 ; On                 ;
; Intel FPGA IP Evaluation Mode                                                   ; Enable             ; Enable             ;
; Verilog Version                                                                 ; Verilog_2001       ; Verilog_2001       ;
; VHDL Version                                                                    ; VHDL_1993          ; VHDL_1993          ;
; State Machine Processing                                                        ; Auto               ; Auto               ;
; Safe State Machine                                                              ; Off                ; Off                ;
; Extract Verilog State Machines                                                  ; On                 ; On                 ;
; Extract VHDL State Machines                                                     ; On                 ; On                 ;
; Ignore Verilog initial constructs                                               ; Off                ; Off                ;
; Iteration limit for constant Verilog loops                                      ; 5000               ; 5000               ;
; Iteration limit for non-constant Verilog loops                                  ; 250                ; 250                ;
; Add Pass-Through Logic to Inferred RAMs                                         ; On                 ; On                 ;
; Infer RAMs from Raw Logic                                                       ; On                 ; On                 ;
; Parallel Synthesis                                                              ; On                 ; On                 ;
; DSP Block Balancing                                                             ; Auto               ; Auto               ;
; NOT Gate Push-Back                                                              ; On                 ; On                 ;
; Power-Up Don't Care                                                             ; On                 ; On                 ;
; Remove Redundant Logic Cells                                                    ; Off                ; Off                ;
; Remove Duplicate Registers                                                      ; On                 ; On                 ;
; Ignore CARRY Buffers                                                            ; Off                ; Off                ;
; Ignore CASCADE Buffers                                                          ; Off                ; Off                ;
; Ignore GLOBAL Buffers                                                           ; Off                ; Off                ;
; Ignore ROW GLOBAL Buffers                                                       ; Off                ; Off                ;
; Ignore LCELL Buffers                                                            ; Off                ; Off                ;
; Ignore SOFT Buffers                                                             ; On                 ; On                 ;
; Limit AHDL Integers to 32 Bits                                                  ; Off                ; Off                ;
; Optimization Technique                                                          ; Balanced           ; Balanced           ;
; Carry Chain Length                                                              ; 70                 ; 70                 ;
; Auto Carry Chains                                                               ; On                 ; On                 ;
; Auto Open-Drain Pins                                                            ; On                 ; On                 ;
; Perform WYSIWYG Primitive Resynthesis                                           ; Off                ; Off                ;
; Auto ROM Replacement                                                            ; On                 ; On                 ;
; Auto RAM Replacement                                                            ; On                 ; On                 ;
; Auto DSP Block Replacement                                                      ; On                 ; On                 ;
; Auto Shift Register Replacement                                                 ; Auto               ; Auto               ;
; Allow Shift Register Merging across Hierarchies                                 ; Auto               ; Auto               ;
; Auto Clock Enable Replacement                                                   ; On                 ; On                 ;
; Strict RAM Replacement                                                          ; Off                ; Off                ;
; Allow Synchronous Control Signals                                               ; On                 ; On                 ;
; Force Use of Synchronous Clear Signals                                          ; Off                ; Off                ;
; Auto Resource Sharing                                                           ; Off                ; Off                ;
; Allow Any RAM Size For Recognition                                              ; Off                ; Off                ;
; Allow Any ROM Size For Recognition                                              ; Off                ; Off                ;
; Allow Any Shift Register Size For Recognition                                   ; Off                ; Off                ;
; Use LogicLock Constraints during Resource Balancing                             ; On                 ; On                 ;
; Ignore translate_off and synthesis_off directives                               ; Off                ; Off                ;
; Timing-Driven Synthesis                                                         ; On                 ; On                 ;
; Report Parameter Settings                                                       ; On                 ; On                 ;
; Report Source Assignments                                                       ; On                 ; On                 ;
; Report Connectivity Checks                                                      ; On                 ; On                 ;
; Ignore Maximum Fan-Out Assignments                                              ; Off                ; Off                ;
; Synchronization Register Chain Length                                           ; 3                  ; 3                  ;
; Power Optimization During Synthesis                                             ; Normal compilation ; Normal compilation ;
; HDL message level                                                               ; Level2             ; Level2             ;
; Suppress Register Optimization Related Messages                                 ; Off                ; Off                ;
; Number of Removed Registers Reported in Synthesis Report                        ; 5000               ; 5000               ;
; Number of Swept Nodes Reported in Synthesis Report                              ; 5000               ; 5000               ;
; Number of Inverted Registers Reported in Synthesis Report                       ; 100                ; 100                ;
; Clock MUX Protection                                                            ; On                 ; On                 ;
; Auto Gated Clock Conversion                                                     ; Off                ; Off                ;
; Block Design Naming                                                             ; Auto               ; Auto               ;
; SDC constraint protection                                                       ; Off                ; Off                ;
; Synthesis Effort                                                                ; Auto               ; Auto               ;
; Shift Register Replacement - Allow Asynchronous Clear Signal                    ; On                 ; On                 ;
; Pre-Mapping Resynthesis Optimization                                            ; Off                ; Off                ;
; Analysis & Synthesis Message Level                                              ; Medium             ; Medium             ;
; Disable Register Merging Across Hierarchies                                     ; Auto               ; Auto               ;
; Resource Aware Inference For Block RAM                                          ; On                 ; On                 ;
; Automatic Parallel Synthesis                                                    ; On                 ; On                 ;
; Partial Reconfiguration Bitstream ID                                            ; Off                ; Off                ;
+---------------------------------------------------------------------------------+--------------------+--------------------+


+---------------------------------+
; Analysis & Elaboration Messages ;
+---------------------------------+
Info: *******************************************************************
Info: Running Quartus Prime Analysis & Elaboration
    Info: Version 22.1std.2 Build 922 07/20/2023 SC Lite Edition
    Info: Processing started: Fri Oct  6 20:20:04 2023
Info: Command: quartus_map --read_settings_files=on --write_settings_files=off Laboratorio4 -c Laboratorio4 --analysis_and_elaboration
Warning (18236): Number of processors has not been specified which may cause overloading on shared machines.  Set the global assignment NUM_PARALLEL_PROCESSORS in your QSF to an appropriate value for best performance.
Info (20030): Parallel compilation is enabled and will use 2 of the 2 processors detected
Info (12021): Found 1 design units, including 1 entities, in source file randombombs.sv
    Info (12023): Found entity 1: RandomBombs File: C:/Users/Bryan Gomez/Documents/L4/RandomBombs.sv Line: 1
Info (12021): Found 1 design units, including 1 entities, in source file randombombs_testbench.sv
    Info (12023): Found entity 1: RandomBombs_Testbench File: C:/Users/Bryan Gomez/Documents/L4/RandomBombs_Testbench.sv Line: 1
Info (12021): Found 1 design units, including 1 entities, in source file buscaminas.sv
    Info (12023): Found entity 1: Buscaminas File: C:/Users/Bryan Gomez/Documents/L4/Buscaminas.sv Line: 1
Info (12021): Found 1 design units, including 1 entities, in source file buscaminas_tb.sv
    Info (12023): Found entity 1: Buscaminas_TB File: C:/Users/Bryan Gomez/Documents/L4/Buscaminas_TB.sv Line: 1
Info (12021): Found 1 design units, including 1 entities, in source file generatebombs.sv
    Info (12023): Found entity 1: GenerateBombs File: C:/Users/Bryan Gomez/Documents/L4/GenerateBombs.sv Line: 1
Info (12021): Found 1 design units, including 1 entities, in source file movement.sv
    Info (12023): Found entity 1: Movement File: C:/Users/Bryan Gomez/Documents/L4/Movement.sv Line: 1
Info (12021): Found 1 design units, including 1 entities, in source file movement_testbench.sv
    Info (12023): Found entity 1: Movement_Testbench File: C:/Users/Bryan Gomez/Documents/L4/Movement_Testbench.sv Line: 1
Info (12127): Elaborating entity "Movement" for the top level hierarchy
Warning (10240): Verilog HDL Always Construct warning at Movement.sv(13): inferring latch(es) for variable "positionY", which holds its previous value in one or more paths through the always construct File: C:/Users/Bryan Gomez/Documents/L4/Movement.sv Line: 13
Warning (10240): Verilog HDL Always Construct warning at Movement.sv(13): inferring latch(es) for variable "positionX", which holds its previous value in one or more paths through the always construct File: C:/Users/Bryan Gomez/Documents/L4/Movement.sv Line: 13
Info (10041): Inferred latch for "positionX[0]" at Movement.sv(23) File: C:/Users/Bryan Gomez/Documents/L4/Movement.sv Line: 23
Info (10041): Inferred latch for "positionX[1]" at Movement.sv(23) File: C:/Users/Bryan Gomez/Documents/L4/Movement.sv Line: 23
Info (10041): Inferred latch for "positionX[2]" at Movement.sv(23) File: C:/Users/Bryan Gomez/Documents/L4/Movement.sv Line: 23
Info (10041): Inferred latch for "positionX[3]" at Movement.sv(23) File: C:/Users/Bryan Gomez/Documents/L4/Movement.sv Line: 23
Info (10041): Inferred latch for "positionX[4]" at Movement.sv(23) File: C:/Users/Bryan Gomez/Documents/L4/Movement.sv Line: 23
Info (10041): Inferred latch for "positionX[5]" at Movement.sv(23) File: C:/Users/Bryan Gomez/Documents/L4/Movement.sv Line: 23
Info (10041): Inferred latch for "positionX[6]" at Movement.sv(23) File: C:/Users/Bryan Gomez/Documents/L4/Movement.sv Line: 23
Info (10041): Inferred latch for "positionX[7]" at Movement.sv(23) File: C:/Users/Bryan Gomez/Documents/L4/Movement.sv Line: 23
Info (10041): Inferred latch for "positionX[8]" at Movement.sv(23) File: C:/Users/Bryan Gomez/Documents/L4/Movement.sv Line: 23
Info (10041): Inferred latch for "positionX[9]" at Movement.sv(23) File: C:/Users/Bryan Gomez/Documents/L4/Movement.sv Line: 23
Info (10041): Inferred latch for "positionX[10]" at Movement.sv(23) File: C:/Users/Bryan Gomez/Documents/L4/Movement.sv Line: 23
Info (10041): Inferred latch for "positionX[11]" at Movement.sv(23) File: C:/Users/Bryan Gomez/Documents/L4/Movement.sv Line: 23
Info (10041): Inferred latch for "positionX[12]" at Movement.sv(23) File: C:/Users/Bryan Gomez/Documents/L4/Movement.sv Line: 23
Info (10041): Inferred latch for "positionX[13]" at Movement.sv(23) File: C:/Users/Bryan Gomez/Documents/L4/Movement.sv Line: 23
Info (10041): Inferred latch for "positionX[14]" at Movement.sv(23) File: C:/Users/Bryan Gomez/Documents/L4/Movement.sv Line: 23
Info (10041): Inferred latch for "positionX[15]" at Movement.sv(23) File: C:/Users/Bryan Gomez/Documents/L4/Movement.sv Line: 23
Info (10041): Inferred latch for "positionX[16]" at Movement.sv(23) File: C:/Users/Bryan Gomez/Documents/L4/Movement.sv Line: 23
Info (10041): Inferred latch for "positionX[17]" at Movement.sv(23) File: C:/Users/Bryan Gomez/Documents/L4/Movement.sv Line: 23
Info (10041): Inferred latch for "positionX[18]" at Movement.sv(23) File: C:/Users/Bryan Gomez/Documents/L4/Movement.sv Line: 23
Info (10041): Inferred latch for "positionX[19]" at Movement.sv(23) File: C:/Users/Bryan Gomez/Documents/L4/Movement.sv Line: 23
Info (10041): Inferred latch for "positionX[20]" at Movement.sv(23) File: C:/Users/Bryan Gomez/Documents/L4/Movement.sv Line: 23
Info (10041): Inferred latch for "positionX[21]" at Movement.sv(23) File: C:/Users/Bryan Gomez/Documents/L4/Movement.sv Line: 23
Info (10041): Inferred latch for "positionX[22]" at Movement.sv(23) File: C:/Users/Bryan Gomez/Documents/L4/Movement.sv Line: 23
Info (10041): Inferred latch for "positionX[23]" at Movement.sv(23) File: C:/Users/Bryan Gomez/Documents/L4/Movement.sv Line: 23
Info (10041): Inferred latch for "positionX[24]" at Movement.sv(23) File: C:/Users/Bryan Gomez/Documents/L4/Movement.sv Line: 23
Info (10041): Inferred latch for "positionX[25]" at Movement.sv(23) File: C:/Users/Bryan Gomez/Documents/L4/Movement.sv Line: 23
Info (10041): Inferred latch for "positionX[26]" at Movement.sv(23) File: C:/Users/Bryan Gomez/Documents/L4/Movement.sv Line: 23
Info (10041): Inferred latch for "positionX[27]" at Movement.sv(23) File: C:/Users/Bryan Gomez/Documents/L4/Movement.sv Line: 23
Info (10041): Inferred latch for "positionX[28]" at Movement.sv(23) File: C:/Users/Bryan Gomez/Documents/L4/Movement.sv Line: 23
Info (10041): Inferred latch for "positionX[29]" at Movement.sv(23) File: C:/Users/Bryan Gomez/Documents/L4/Movement.sv Line: 23
Info (10041): Inferred latch for "positionX[30]" at Movement.sv(23) File: C:/Users/Bryan Gomez/Documents/L4/Movement.sv Line: 23
Info (10041): Inferred latch for "positionX[31]" at Movement.sv(23) File: C:/Users/Bryan Gomez/Documents/L4/Movement.sv Line: 23
Info (10041): Inferred latch for "positionY[0]" at Movement.sv(23) File: C:/Users/Bryan Gomez/Documents/L4/Movement.sv Line: 23
Info (10041): Inferred latch for "positionY[1]" at Movement.sv(23) File: C:/Users/Bryan Gomez/Documents/L4/Movement.sv Line: 23
Info (10041): Inferred latch for "positionY[2]" at Movement.sv(23) File: C:/Users/Bryan Gomez/Documents/L4/Movement.sv Line: 23
Info (10041): Inferred latch for "positionY[3]" at Movement.sv(23) File: C:/Users/Bryan Gomez/Documents/L4/Movement.sv Line: 23
Info (10041): Inferred latch for "positionY[4]" at Movement.sv(23) File: C:/Users/Bryan Gomez/Documents/L4/Movement.sv Line: 23
Info (10041): Inferred latch for "positionY[5]" at Movement.sv(23) File: C:/Users/Bryan Gomez/Documents/L4/Movement.sv Line: 23
Info (10041): Inferred latch for "positionY[6]" at Movement.sv(23) File: C:/Users/Bryan Gomez/Documents/L4/Movement.sv Line: 23
Info (10041): Inferred latch for "positionY[7]" at Movement.sv(23) File: C:/Users/Bryan Gomez/Documents/L4/Movement.sv Line: 23
Info (10041): Inferred latch for "positionY[8]" at Movement.sv(23) File: C:/Users/Bryan Gomez/Documents/L4/Movement.sv Line: 23
Info (10041): Inferred latch for "positionY[9]" at Movement.sv(23) File: C:/Users/Bryan Gomez/Documents/L4/Movement.sv Line: 23
Info (10041): Inferred latch for "positionY[10]" at Movement.sv(23) File: C:/Users/Bryan Gomez/Documents/L4/Movement.sv Line: 23
Info (10041): Inferred latch for "positionY[11]" at Movement.sv(23) File: C:/Users/Bryan Gomez/Documents/L4/Movement.sv Line: 23
Info (10041): Inferred latch for "positionY[12]" at Movement.sv(23) File: C:/Users/Bryan Gomez/Documents/L4/Movement.sv Line: 23
Info (10041): Inferred latch for "positionY[13]" at Movement.sv(23) File: C:/Users/Bryan Gomez/Documents/L4/Movement.sv Line: 23
Info (10041): Inferred latch for "positionY[14]" at Movement.sv(23) File: C:/Users/Bryan Gomez/Documents/L4/Movement.sv Line: 23
Info (10041): Inferred latch for "positionY[15]" at Movement.sv(23) File: C:/Users/Bryan Gomez/Documents/L4/Movement.sv Line: 23
Info (10041): Inferred latch for "positionY[16]" at Movement.sv(23) File: C:/Users/Bryan Gomez/Documents/L4/Movement.sv Line: 23
Info (10041): Inferred latch for "positionY[17]" at Movement.sv(23) File: C:/Users/Bryan Gomez/Documents/L4/Movement.sv Line: 23
Info (10041): Inferred latch for "positionY[18]" at Movement.sv(23) File: C:/Users/Bryan Gomez/Documents/L4/Movement.sv Line: 23
Info (10041): Inferred latch for "positionY[19]" at Movement.sv(23) File: C:/Users/Bryan Gomez/Documents/L4/Movement.sv Line: 23
Info (10041): Inferred latch for "positionY[20]" at Movement.sv(23) File: C:/Users/Bryan Gomez/Documents/L4/Movement.sv Line: 23
Info (10041): Inferred latch for "positionY[21]" at Movement.sv(23) File: C:/Users/Bryan Gomez/Documents/L4/Movement.sv Line: 23
Info (10041): Inferred latch for "positionY[22]" at Movement.sv(23) File: C:/Users/Bryan Gomez/Documents/L4/Movement.sv Line: 23
Info (10041): Inferred latch for "positionY[23]" at Movement.sv(23) File: C:/Users/Bryan Gomez/Documents/L4/Movement.sv Line: 23
Info (10041): Inferred latch for "positionY[24]" at Movement.sv(23) File: C:/Users/Bryan Gomez/Documents/L4/Movement.sv Line: 23
Info (10041): Inferred latch for "positionY[25]" at Movement.sv(23) File: C:/Users/Bryan Gomez/Documents/L4/Movement.sv Line: 23
Info (10041): Inferred latch for "positionY[26]" at Movement.sv(23) File: C:/Users/Bryan Gomez/Documents/L4/Movement.sv Line: 23
Info (10041): Inferred latch for "positionY[27]" at Movement.sv(23) File: C:/Users/Bryan Gomez/Documents/L4/Movement.sv Line: 23
Info (10041): Inferred latch for "positionY[28]" at Movement.sv(23) File: C:/Users/Bryan Gomez/Documents/L4/Movement.sv Line: 23
Info (10041): Inferred latch for "positionY[29]" at Movement.sv(23) File: C:/Users/Bryan Gomez/Documents/L4/Movement.sv Line: 23
Info (10041): Inferred latch for "positionY[30]" at Movement.sv(23) File: C:/Users/Bryan Gomez/Documents/L4/Movement.sv Line: 23
Info (10041): Inferred latch for "positionY[31]" at Movement.sv(23) File: C:/Users/Bryan Gomez/Documents/L4/Movement.sv Line: 23
Info (10041): Inferred latch for "board_out[7][7][0]" at Movement.sv(23) File: C:/Users/Bryan Gomez/Documents/L4/Movement.sv Line: 23
Info (10041): Inferred latch for "board_out[7][7][1]" at Movement.sv(23) File: C:/Users/Bryan Gomez/Documents/L4/Movement.sv Line: 23
Info (10041): Inferred latch for "board_out[7][7][2]" at Movement.sv(23) File: C:/Users/Bryan Gomez/Documents/L4/Movement.sv Line: 23
Info (10041): Inferred latch for "board_out[7][7][3]" at Movement.sv(23) File: C:/Users/Bryan Gomez/Documents/L4/Movement.sv Line: 23
Info (10041): Inferred latch for "board_out[7][7][4]" at Movement.sv(23) File: C:/Users/Bryan Gomez/Documents/L4/Movement.sv Line: 23
Info (10041): Inferred latch for "board_out[7][7][5]" at Movement.sv(23) File: C:/Users/Bryan Gomez/Documents/L4/Movement.sv Line: 23
Info (10041): Inferred latch for "board_out[7][7][6]" at Movement.sv(23) File: C:/Users/Bryan Gomez/Documents/L4/Movement.sv Line: 23
Info (10041): Inferred latch for "board_out[7][7][7]" at Movement.sv(23) File: C:/Users/Bryan Gomez/Documents/L4/Movement.sv Line: 23
Info (10041): Inferred latch for "board_out[7][6][0]" at Movement.sv(23) File: C:/Users/Bryan Gomez/Documents/L4/Movement.sv Line: 23
Info (10041): Inferred latch for "board_out[7][6][1]" at Movement.sv(23) File: C:/Users/Bryan Gomez/Documents/L4/Movement.sv Line: 23
Info (10041): Inferred latch for "board_out[7][6][2]" at Movement.sv(23) File: C:/Users/Bryan Gomez/Documents/L4/Movement.sv Line: 23
Info (10041): Inferred latch for "board_out[7][6][3]" at Movement.sv(23) File: C:/Users/Bryan Gomez/Documents/L4/Movement.sv Line: 23
Info (10041): Inferred latch for "board_out[7][6][4]" at Movement.sv(23) File: C:/Users/Bryan Gomez/Documents/L4/Movement.sv Line: 23
Info (10041): Inferred latch for "board_out[7][6][5]" at Movement.sv(23) File: C:/Users/Bryan Gomez/Documents/L4/Movement.sv Line: 23
Info (10041): Inferred latch for "board_out[7][6][6]" at Movement.sv(23) File: C:/Users/Bryan Gomez/Documents/L4/Movement.sv Line: 23
Info (10041): Inferred latch for "board_out[7][6][7]" at Movement.sv(23) File: C:/Users/Bryan Gomez/Documents/L4/Movement.sv Line: 23
Info (10041): Inferred latch for "board_out[7][5][0]" at Movement.sv(23) File: C:/Users/Bryan Gomez/Documents/L4/Movement.sv Line: 23
Info (10041): Inferred latch for "board_out[7][5][1]" at Movement.sv(23) File: C:/Users/Bryan Gomez/Documents/L4/Movement.sv Line: 23
Info (10041): Inferred latch for "board_out[7][5][2]" at Movement.sv(23) File: C:/Users/Bryan Gomez/Documents/L4/Movement.sv Line: 23
Info (10041): Inferred latch for "board_out[7][5][3]" at Movement.sv(23) File: C:/Users/Bryan Gomez/Documents/L4/Movement.sv Line: 23
Info (10041): Inferred latch for "board_out[7][5][4]" at Movement.sv(23) File: C:/Users/Bryan Gomez/Documents/L4/Movement.sv Line: 23
Info (10041): Inferred latch for "board_out[7][5][5]" at Movement.sv(23) File: C:/Users/Bryan Gomez/Documents/L4/Movement.sv Line: 23
Info (10041): Inferred latch for "board_out[7][5][6]" at Movement.sv(23) File: C:/Users/Bryan Gomez/Documents/L4/Movement.sv Line: 23
Info (10041): Inferred latch for "board_out[7][5][7]" at Movement.sv(23) File: C:/Users/Bryan Gomez/Documents/L4/Movement.sv Line: 23
Info (10041): Inferred latch for "board_out[7][4][0]" at Movement.sv(23) File: C:/Users/Bryan Gomez/Documents/L4/Movement.sv Line: 23
Info (10041): Inferred latch for "board_out[7][4][1]" at Movement.sv(23) File: C:/Users/Bryan Gomez/Documents/L4/Movement.sv Line: 23
Info (10041): Inferred latch for "board_out[7][4][2]" at Movement.sv(23) File: C:/Users/Bryan Gomez/Documents/L4/Movement.sv Line: 23
Info (10041): Inferred latch for "board_out[7][4][3]" at Movement.sv(23) File: C:/Users/Bryan Gomez/Documents/L4/Movement.sv Line: 23
Info (10041): Inferred latch for "board_out[7][4][4]" at Movement.sv(23) File: C:/Users/Bryan Gomez/Documents/L4/Movement.sv Line: 23
Info (10041): Inferred latch for "board_out[7][4][5]" at Movement.sv(23) File: C:/Users/Bryan Gomez/Documents/L4/Movement.sv Line: 23
Info (10041): Inferred latch for "board_out[7][4][6]" at Movement.sv(23) File: C:/Users/Bryan Gomez/Documents/L4/Movement.sv Line: 23
Info (10041): Inferred latch for "board_out[7][4][7]" at Movement.sv(23) File: C:/Users/Bryan Gomez/Documents/L4/Movement.sv Line: 23
Info (10041): Inferred latch for "board_out[7][3][0]" at Movement.sv(23) File: C:/Users/Bryan Gomez/Documents/L4/Movement.sv Line: 23
Info (10041): Inferred latch for "board_out[7][3][1]" at Movement.sv(23) File: C:/Users/Bryan Gomez/Documents/L4/Movement.sv Line: 23
Info (10041): Inferred latch for "board_out[7][3][2]" at Movement.sv(23) File: C:/Users/Bryan Gomez/Documents/L4/Movement.sv Line: 23
Info (10041): Inferred latch for "board_out[7][3][3]" at Movement.sv(23) File: C:/Users/Bryan Gomez/Documents/L4/Movement.sv Line: 23
Info (10041): Inferred latch for "board_out[7][3][4]" at Movement.sv(23) File: C:/Users/Bryan Gomez/Documents/L4/Movement.sv Line: 23
Info (10041): Inferred latch for "board_out[7][3][5]" at Movement.sv(23) File: C:/Users/Bryan Gomez/Documents/L4/Movement.sv Line: 23
Info (10041): Inferred latch for "board_out[7][3][6]" at Movement.sv(23) File: C:/Users/Bryan Gomez/Documents/L4/Movement.sv Line: 23
Info (10041): Inferred latch for "board_out[7][3][7]" at Movement.sv(23) File: C:/Users/Bryan Gomez/Documents/L4/Movement.sv Line: 23
Info (10041): Inferred latch for "board_out[7][2][0]" at Movement.sv(23) File: C:/Users/Bryan Gomez/Documents/L4/Movement.sv Line: 23
Info (10041): Inferred latch for "board_out[7][2][1]" at Movement.sv(23) File: C:/Users/Bryan Gomez/Documents/L4/Movement.sv Line: 23
Info (10041): Inferred latch for "board_out[7][2][2]" at Movement.sv(23) File: C:/Users/Bryan Gomez/Documents/L4/Movement.sv Line: 23
Info (10041): Inferred latch for "board_out[7][2][3]" at Movement.sv(23) File: C:/Users/Bryan Gomez/Documents/L4/Movement.sv Line: 23
Info (10041): Inferred latch for "board_out[7][2][4]" at Movement.sv(23) File: C:/Users/Bryan Gomez/Documents/L4/Movement.sv Line: 23
Info (10041): Inferred latch for "board_out[7][2][5]" at Movement.sv(23) File: C:/Users/Bryan Gomez/Documents/L4/Movement.sv Line: 23
Info (10041): Inferred latch for "board_out[7][2][6]" at Movement.sv(23) File: C:/Users/Bryan Gomez/Documents/L4/Movement.sv Line: 23
Info (10041): Inferred latch for "board_out[7][2][7]" at Movement.sv(23) File: C:/Users/Bryan Gomez/Documents/L4/Movement.sv Line: 23
Info (10041): Inferred latch for "board_out[7][1][0]" at Movement.sv(23) File: C:/Users/Bryan Gomez/Documents/L4/Movement.sv Line: 23
Info (10041): Inferred latch for "board_out[7][1][1]" at Movement.sv(23) File: C:/Users/Bryan Gomez/Documents/L4/Movement.sv Line: 23
Info (10041): Inferred latch for "board_out[7][1][2]" at Movement.sv(23) File: C:/Users/Bryan Gomez/Documents/L4/Movement.sv Line: 23
Info (10041): Inferred latch for "board_out[7][1][3]" at Movement.sv(23) File: C:/Users/Bryan Gomez/Documents/L4/Movement.sv Line: 23
Info (10041): Inferred latch for "board_out[7][1][4]" at Movement.sv(23) File: C:/Users/Bryan Gomez/Documents/L4/Movement.sv Line: 23
Info (10041): Inferred latch for "board_out[7][1][5]" at Movement.sv(23) File: C:/Users/Bryan Gomez/Documents/L4/Movement.sv Line: 23
Info (10041): Inferred latch for "board_out[7][1][6]" at Movement.sv(23) File: C:/Users/Bryan Gomez/Documents/L4/Movement.sv Line: 23
Info (10041): Inferred latch for "board_out[7][1][7]" at Movement.sv(23) File: C:/Users/Bryan Gomez/Documents/L4/Movement.sv Line: 23
Info (10041): Inferred latch for "board_out[7][0][0]" at Movement.sv(23) File: C:/Users/Bryan Gomez/Documents/L4/Movement.sv Line: 23
Info (10041): Inferred latch for "board_out[7][0][1]" at Movement.sv(23) File: C:/Users/Bryan Gomez/Documents/L4/Movement.sv Line: 23
Info (10041): Inferred latch for "board_out[7][0][2]" at Movement.sv(23) File: C:/Users/Bryan Gomez/Documents/L4/Movement.sv Line: 23
Info (10041): Inferred latch for "board_out[7][0][3]" at Movement.sv(23) File: C:/Users/Bryan Gomez/Documents/L4/Movement.sv Line: 23
Info (10041): Inferred latch for "board_out[7][0][4]" at Movement.sv(23) File: C:/Users/Bryan Gomez/Documents/L4/Movement.sv Line: 23
Info (10041): Inferred latch for "board_out[7][0][5]" at Movement.sv(23) File: C:/Users/Bryan Gomez/Documents/L4/Movement.sv Line: 23
Info (10041): Inferred latch for "board_out[7][0][6]" at Movement.sv(23) File: C:/Users/Bryan Gomez/Documents/L4/Movement.sv Line: 23
Info (10041): Inferred latch for "board_out[7][0][7]" at Movement.sv(23) File: C:/Users/Bryan Gomez/Documents/L4/Movement.sv Line: 23
Info (10041): Inferred latch for "board_out[6][7][0]" at Movement.sv(23) File: C:/Users/Bryan Gomez/Documents/L4/Movement.sv Line: 23
Info (10041): Inferred latch for "board_out[6][7][1]" at Movement.sv(23) File: C:/Users/Bryan Gomez/Documents/L4/Movement.sv Line: 23
Info (10041): Inferred latch for "board_out[6][7][2]" at Movement.sv(23) File: C:/Users/Bryan Gomez/Documents/L4/Movement.sv Line: 23
Info (10041): Inferred latch for "board_out[6][7][3]" at Movement.sv(23) File: C:/Users/Bryan Gomez/Documents/L4/Movement.sv Line: 23
Info (10041): Inferred latch for "board_out[6][7][4]" at Movement.sv(23) File: C:/Users/Bryan Gomez/Documents/L4/Movement.sv Line: 23
Info (10041): Inferred latch for "board_out[6][7][5]" at Movement.sv(23) File: C:/Users/Bryan Gomez/Documents/L4/Movement.sv Line: 23
Info (10041): Inferred latch for "board_out[6][7][6]" at Movement.sv(23) File: C:/Users/Bryan Gomez/Documents/L4/Movement.sv Line: 23
Info (10041): Inferred latch for "board_out[6][7][7]" at Movement.sv(23) File: C:/Users/Bryan Gomez/Documents/L4/Movement.sv Line: 23
Info (10041): Inferred latch for "board_out[6][6][0]" at Movement.sv(23) File: C:/Users/Bryan Gomez/Documents/L4/Movement.sv Line: 23
Info (10041): Inferred latch for "board_out[6][6][1]" at Movement.sv(23) File: C:/Users/Bryan Gomez/Documents/L4/Movement.sv Line: 23
Info (10041): Inferred latch for "board_out[6][6][2]" at Movement.sv(23) File: C:/Users/Bryan Gomez/Documents/L4/Movement.sv Line: 23
Info (10041): Inferred latch for "board_out[6][6][3]" at Movement.sv(23) File: C:/Users/Bryan Gomez/Documents/L4/Movement.sv Line: 23
Info (10041): Inferred latch for "board_out[6][6][4]" at Movement.sv(23) File: C:/Users/Bryan Gomez/Documents/L4/Movement.sv Line: 23
Info (10041): Inferred latch for "board_out[6][6][5]" at Movement.sv(23) File: C:/Users/Bryan Gomez/Documents/L4/Movement.sv Line: 23
Info (10041): Inferred latch for "board_out[6][6][6]" at Movement.sv(23) File: C:/Users/Bryan Gomez/Documents/L4/Movement.sv Line: 23
Info (10041): Inferred latch for "board_out[6][6][7]" at Movement.sv(23) File: C:/Users/Bryan Gomez/Documents/L4/Movement.sv Line: 23
Info (10041): Inferred latch for "board_out[6][5][0]" at Movement.sv(23) File: C:/Users/Bryan Gomez/Documents/L4/Movement.sv Line: 23
Info (10041): Inferred latch for "board_out[6][5][1]" at Movement.sv(23) File: C:/Users/Bryan Gomez/Documents/L4/Movement.sv Line: 23
Info (10041): Inferred latch for "board_out[6][5][2]" at Movement.sv(23) File: C:/Users/Bryan Gomez/Documents/L4/Movement.sv Line: 23
Info (10041): Inferred latch for "board_out[6][5][3]" at Movement.sv(23) File: C:/Users/Bryan Gomez/Documents/L4/Movement.sv Line: 23
Info (10041): Inferred latch for "board_out[6][5][4]" at Movement.sv(23) File: C:/Users/Bryan Gomez/Documents/L4/Movement.sv Line: 23
Info (10041): Inferred latch for "board_out[6][5][5]" at Movement.sv(23) File: C:/Users/Bryan Gomez/Documents/L4/Movement.sv Line: 23
Info (10041): Inferred latch for "board_out[6][5][6]" at Movement.sv(23) File: C:/Users/Bryan Gomez/Documents/L4/Movement.sv Line: 23
Info (10041): Inferred latch for "board_out[6][5][7]" at Movement.sv(23) File: C:/Users/Bryan Gomez/Documents/L4/Movement.sv Line: 23
Info (10041): Inferred latch for "board_out[6][4][0]" at Movement.sv(23) File: C:/Users/Bryan Gomez/Documents/L4/Movement.sv Line: 23
Info (10041): Inferred latch for "board_out[6][4][1]" at Movement.sv(23) File: C:/Users/Bryan Gomez/Documents/L4/Movement.sv Line: 23
Info (10041): Inferred latch for "board_out[6][4][2]" at Movement.sv(23) File: C:/Users/Bryan Gomez/Documents/L4/Movement.sv Line: 23
Info (10041): Inferred latch for "board_out[6][4][3]" at Movement.sv(23) File: C:/Users/Bryan Gomez/Documents/L4/Movement.sv Line: 23
Info (10041): Inferred latch for "board_out[6][4][4]" at Movement.sv(23) File: C:/Users/Bryan Gomez/Documents/L4/Movement.sv Line: 23
Info (10041): Inferred latch for "board_out[6][4][5]" at Movement.sv(23) File: C:/Users/Bryan Gomez/Documents/L4/Movement.sv Line: 23
Info (10041): Inferred latch for "board_out[6][4][6]" at Movement.sv(23) File: C:/Users/Bryan Gomez/Documents/L4/Movement.sv Line: 23
Info (10041): Inferred latch for "board_out[6][4][7]" at Movement.sv(23) File: C:/Users/Bryan Gomez/Documents/L4/Movement.sv Line: 23
Info (10041): Inferred latch for "board_out[6][3][0]" at Movement.sv(23) File: C:/Users/Bryan Gomez/Documents/L4/Movement.sv Line: 23
Info (10041): Inferred latch for "board_out[6][3][1]" at Movement.sv(23) File: C:/Users/Bryan Gomez/Documents/L4/Movement.sv Line: 23
Info (10041): Inferred latch for "board_out[6][3][2]" at Movement.sv(23) File: C:/Users/Bryan Gomez/Documents/L4/Movement.sv Line: 23
Info (10041): Inferred latch for "board_out[6][3][3]" at Movement.sv(23) File: C:/Users/Bryan Gomez/Documents/L4/Movement.sv Line: 23
Info (10041): Inferred latch for "board_out[6][3][4]" at Movement.sv(23) File: C:/Users/Bryan Gomez/Documents/L4/Movement.sv Line: 23
Info (10041): Inferred latch for "board_out[6][3][5]" at Movement.sv(23) File: C:/Users/Bryan Gomez/Documents/L4/Movement.sv Line: 23
Info (10041): Inferred latch for "board_out[6][3][6]" at Movement.sv(23) File: C:/Users/Bryan Gomez/Documents/L4/Movement.sv Line: 23
Info (10041): Inferred latch for "board_out[6][3][7]" at Movement.sv(23) File: C:/Users/Bryan Gomez/Documents/L4/Movement.sv Line: 23
Info (10041): Inferred latch for "board_out[6][2][0]" at Movement.sv(23) File: C:/Users/Bryan Gomez/Documents/L4/Movement.sv Line: 23
Info (10041): Inferred latch for "board_out[6][2][1]" at Movement.sv(23) File: C:/Users/Bryan Gomez/Documents/L4/Movement.sv Line: 23
Info (10041): Inferred latch for "board_out[6][2][2]" at Movement.sv(23) File: C:/Users/Bryan Gomez/Documents/L4/Movement.sv Line: 23
Info (10041): Inferred latch for "board_out[6][2][3]" at Movement.sv(23) File: C:/Users/Bryan Gomez/Documents/L4/Movement.sv Line: 23
Info (10041): Inferred latch for "board_out[6][2][4]" at Movement.sv(23) File: C:/Users/Bryan Gomez/Documents/L4/Movement.sv Line: 23
Info (10041): Inferred latch for "board_out[6][2][5]" at Movement.sv(23) File: C:/Users/Bryan Gomez/Documents/L4/Movement.sv Line: 23
Info (10041): Inferred latch for "board_out[6][2][6]" at Movement.sv(23) File: C:/Users/Bryan Gomez/Documents/L4/Movement.sv Line: 23
Info (10041): Inferred latch for "board_out[6][2][7]" at Movement.sv(23) File: C:/Users/Bryan Gomez/Documents/L4/Movement.sv Line: 23
Info (10041): Inferred latch for "board_out[6][1][0]" at Movement.sv(23) File: C:/Users/Bryan Gomez/Documents/L4/Movement.sv Line: 23
Info (10041): Inferred latch for "board_out[6][1][1]" at Movement.sv(23) File: C:/Users/Bryan Gomez/Documents/L4/Movement.sv Line: 23
Info (10041): Inferred latch for "board_out[6][1][2]" at Movement.sv(23) File: C:/Users/Bryan Gomez/Documents/L4/Movement.sv Line: 23
Info (10041): Inferred latch for "board_out[6][1][3]" at Movement.sv(23) File: C:/Users/Bryan Gomez/Documents/L4/Movement.sv Line: 23
Info (10041): Inferred latch for "board_out[6][1][4]" at Movement.sv(23) File: C:/Users/Bryan Gomez/Documents/L4/Movement.sv Line: 23
Info (10041): Inferred latch for "board_out[6][1][5]" at Movement.sv(23) File: C:/Users/Bryan Gomez/Documents/L4/Movement.sv Line: 23
Info (10041): Inferred latch for "board_out[6][1][6]" at Movement.sv(23) File: C:/Users/Bryan Gomez/Documents/L4/Movement.sv Line: 23
Info (10041): Inferred latch for "board_out[6][1][7]" at Movement.sv(23) File: C:/Users/Bryan Gomez/Documents/L4/Movement.sv Line: 23
Info (10041): Inferred latch for "board_out[6][0][0]" at Movement.sv(23) File: C:/Users/Bryan Gomez/Documents/L4/Movement.sv Line: 23
Info (10041): Inferred latch for "board_out[6][0][1]" at Movement.sv(23) File: C:/Users/Bryan Gomez/Documents/L4/Movement.sv Line: 23
Info (10041): Inferred latch for "board_out[6][0][2]" at Movement.sv(23) File: C:/Users/Bryan Gomez/Documents/L4/Movement.sv Line: 23
Info (10041): Inferred latch for "board_out[6][0][3]" at Movement.sv(23) File: C:/Users/Bryan Gomez/Documents/L4/Movement.sv Line: 23
Info (10041): Inferred latch for "board_out[6][0][4]" at Movement.sv(23) File: C:/Users/Bryan Gomez/Documents/L4/Movement.sv Line: 23
Info (10041): Inferred latch for "board_out[6][0][5]" at Movement.sv(23) File: C:/Users/Bryan Gomez/Documents/L4/Movement.sv Line: 23
Info (10041): Inferred latch for "board_out[6][0][6]" at Movement.sv(23) File: C:/Users/Bryan Gomez/Documents/L4/Movement.sv Line: 23
Info (10041): Inferred latch for "board_out[6][0][7]" at Movement.sv(23) File: C:/Users/Bryan Gomez/Documents/L4/Movement.sv Line: 23
Info (10041): Inferred latch for "board_out[5][7][0]" at Movement.sv(23) File: C:/Users/Bryan Gomez/Documents/L4/Movement.sv Line: 23
Info (10041): Inferred latch for "board_out[5][7][1]" at Movement.sv(23) File: C:/Users/Bryan Gomez/Documents/L4/Movement.sv Line: 23
Info (10041): Inferred latch for "board_out[5][7][2]" at Movement.sv(23) File: C:/Users/Bryan Gomez/Documents/L4/Movement.sv Line: 23
Info (10041): Inferred latch for "board_out[5][7][3]" at Movement.sv(23) File: C:/Users/Bryan Gomez/Documents/L4/Movement.sv Line: 23
Info (10041): Inferred latch for "board_out[5][7][4]" at Movement.sv(23) File: C:/Users/Bryan Gomez/Documents/L4/Movement.sv Line: 23
Info (10041): Inferred latch for "board_out[5][7][5]" at Movement.sv(23) File: C:/Users/Bryan Gomez/Documents/L4/Movement.sv Line: 23
Info (10041): Inferred latch for "board_out[5][7][6]" at Movement.sv(23) File: C:/Users/Bryan Gomez/Documents/L4/Movement.sv Line: 23
Info (10041): Inferred latch for "board_out[5][7][7]" at Movement.sv(23) File: C:/Users/Bryan Gomez/Documents/L4/Movement.sv Line: 23
Info (10041): Inferred latch for "board_out[5][6][0]" at Movement.sv(23) File: C:/Users/Bryan Gomez/Documents/L4/Movement.sv Line: 23
Info (10041): Inferred latch for "board_out[5][6][1]" at Movement.sv(23) File: C:/Users/Bryan Gomez/Documents/L4/Movement.sv Line: 23
Info (10041): Inferred latch for "board_out[5][6][2]" at Movement.sv(23) File: C:/Users/Bryan Gomez/Documents/L4/Movement.sv Line: 23
Info (10041): Inferred latch for "board_out[5][6][3]" at Movement.sv(23) File: C:/Users/Bryan Gomez/Documents/L4/Movement.sv Line: 23
Info (10041): Inferred latch for "board_out[5][6][4]" at Movement.sv(23) File: C:/Users/Bryan Gomez/Documents/L4/Movement.sv Line: 23
Info (10041): Inferred latch for "board_out[5][6][5]" at Movement.sv(23) File: C:/Users/Bryan Gomez/Documents/L4/Movement.sv Line: 23
Info (10041): Inferred latch for "board_out[5][6][6]" at Movement.sv(23) File: C:/Users/Bryan Gomez/Documents/L4/Movement.sv Line: 23
Info (10041): Inferred latch for "board_out[5][6][7]" at Movement.sv(23) File: C:/Users/Bryan Gomez/Documents/L4/Movement.sv Line: 23
Info (10041): Inferred latch for "board_out[5][5][0]" at Movement.sv(23) File: C:/Users/Bryan Gomez/Documents/L4/Movement.sv Line: 23
Info (10041): Inferred latch for "board_out[5][5][1]" at Movement.sv(23) File: C:/Users/Bryan Gomez/Documents/L4/Movement.sv Line: 23
Info (10041): Inferred latch for "board_out[5][5][2]" at Movement.sv(23) File: C:/Users/Bryan Gomez/Documents/L4/Movement.sv Line: 23
Info (10041): Inferred latch for "board_out[5][5][3]" at Movement.sv(23) File: C:/Users/Bryan Gomez/Documents/L4/Movement.sv Line: 23
Info (10041): Inferred latch for "board_out[5][5][4]" at Movement.sv(23) File: C:/Users/Bryan Gomez/Documents/L4/Movement.sv Line: 23
Info (10041): Inferred latch for "board_out[5][5][5]" at Movement.sv(23) File: C:/Users/Bryan Gomez/Documents/L4/Movement.sv Line: 23
Info (10041): Inferred latch for "board_out[5][5][6]" at Movement.sv(23) File: C:/Users/Bryan Gomez/Documents/L4/Movement.sv Line: 23
Info (10041): Inferred latch for "board_out[5][5][7]" at Movement.sv(23) File: C:/Users/Bryan Gomez/Documents/L4/Movement.sv Line: 23
Info (10041): Inferred latch for "board_out[5][4][0]" at Movement.sv(23) File: C:/Users/Bryan Gomez/Documents/L4/Movement.sv Line: 23
Info (10041): Inferred latch for "board_out[5][4][1]" at Movement.sv(23) File: C:/Users/Bryan Gomez/Documents/L4/Movement.sv Line: 23
Info (10041): Inferred latch for "board_out[5][4][2]" at Movement.sv(23) File: C:/Users/Bryan Gomez/Documents/L4/Movement.sv Line: 23
Info (10041): Inferred latch for "board_out[5][4][3]" at Movement.sv(23) File: C:/Users/Bryan Gomez/Documents/L4/Movement.sv Line: 23
Info (10041): Inferred latch for "board_out[5][4][4]" at Movement.sv(23) File: C:/Users/Bryan Gomez/Documents/L4/Movement.sv Line: 23
Info (10041): Inferred latch for "board_out[5][4][5]" at Movement.sv(23) File: C:/Users/Bryan Gomez/Documents/L4/Movement.sv Line: 23
Info (10041): Inferred latch for "board_out[5][4][6]" at Movement.sv(23) File: C:/Users/Bryan Gomez/Documents/L4/Movement.sv Line: 23
Info (10041): Inferred latch for "board_out[5][4][7]" at Movement.sv(23) File: C:/Users/Bryan Gomez/Documents/L4/Movement.sv Line: 23
Info (10041): Inferred latch for "board_out[5][3][0]" at Movement.sv(23) File: C:/Users/Bryan Gomez/Documents/L4/Movement.sv Line: 23
Info (10041): Inferred latch for "board_out[5][3][1]" at Movement.sv(23) File: C:/Users/Bryan Gomez/Documents/L4/Movement.sv Line: 23
Info (10041): Inferred latch for "board_out[5][3][2]" at Movement.sv(23) File: C:/Users/Bryan Gomez/Documents/L4/Movement.sv Line: 23
Info (10041): Inferred latch for "board_out[5][3][3]" at Movement.sv(23) File: C:/Users/Bryan Gomez/Documents/L4/Movement.sv Line: 23
Info (10041): Inferred latch for "board_out[5][3][4]" at Movement.sv(23) File: C:/Users/Bryan Gomez/Documents/L4/Movement.sv Line: 23
Info (10041): Inferred latch for "board_out[5][3][5]" at Movement.sv(23) File: C:/Users/Bryan Gomez/Documents/L4/Movement.sv Line: 23
Info (10041): Inferred latch for "board_out[5][3][6]" at Movement.sv(23) File: C:/Users/Bryan Gomez/Documents/L4/Movement.sv Line: 23
Info (10041): Inferred latch for "board_out[5][3][7]" at Movement.sv(23) File: C:/Users/Bryan Gomez/Documents/L4/Movement.sv Line: 23
Info (10041): Inferred latch for "board_out[5][2][0]" at Movement.sv(23) File: C:/Users/Bryan Gomez/Documents/L4/Movement.sv Line: 23
Info (10041): Inferred latch for "board_out[5][2][1]" at Movement.sv(23) File: C:/Users/Bryan Gomez/Documents/L4/Movement.sv Line: 23
Info (10041): Inferred latch for "board_out[5][2][2]" at Movement.sv(23) File: C:/Users/Bryan Gomez/Documents/L4/Movement.sv Line: 23
Info (10041): Inferred latch for "board_out[5][2][3]" at Movement.sv(23) File: C:/Users/Bryan Gomez/Documents/L4/Movement.sv Line: 23
Info (10041): Inferred latch for "board_out[5][2][4]" at Movement.sv(23) File: C:/Users/Bryan Gomez/Documents/L4/Movement.sv Line: 23
Info (10041): Inferred latch for "board_out[5][2][5]" at Movement.sv(23) File: C:/Users/Bryan Gomez/Documents/L4/Movement.sv Line: 23
Info (10041): Inferred latch for "board_out[5][2][6]" at Movement.sv(23) File: C:/Users/Bryan Gomez/Documents/L4/Movement.sv Line: 23
Info (10041): Inferred latch for "board_out[5][2][7]" at Movement.sv(23) File: C:/Users/Bryan Gomez/Documents/L4/Movement.sv Line: 23
Info (10041): Inferred latch for "board_out[5][1][0]" at Movement.sv(23) File: C:/Users/Bryan Gomez/Documents/L4/Movement.sv Line: 23
Info (10041): Inferred latch for "board_out[5][1][1]" at Movement.sv(23) File: C:/Users/Bryan Gomez/Documents/L4/Movement.sv Line: 23
Info (10041): Inferred latch for "board_out[5][1][2]" at Movement.sv(23) File: C:/Users/Bryan Gomez/Documents/L4/Movement.sv Line: 23
Info (10041): Inferred latch for "board_out[5][1][3]" at Movement.sv(23) File: C:/Users/Bryan Gomez/Documents/L4/Movement.sv Line: 23
Info (10041): Inferred latch for "board_out[5][1][4]" at Movement.sv(23) File: C:/Users/Bryan Gomez/Documents/L4/Movement.sv Line: 23
Info (10041): Inferred latch for "board_out[5][1][5]" at Movement.sv(23) File: C:/Users/Bryan Gomez/Documents/L4/Movement.sv Line: 23
Info (10041): Inferred latch for "board_out[5][1][6]" at Movement.sv(23) File: C:/Users/Bryan Gomez/Documents/L4/Movement.sv Line: 23
Info (10041): Inferred latch for "board_out[5][1][7]" at Movement.sv(23) File: C:/Users/Bryan Gomez/Documents/L4/Movement.sv Line: 23
Info (10041): Inferred latch for "board_out[5][0][0]" at Movement.sv(23) File: C:/Users/Bryan Gomez/Documents/L4/Movement.sv Line: 23
Info (10041): Inferred latch for "board_out[5][0][1]" at Movement.sv(23) File: C:/Users/Bryan Gomez/Documents/L4/Movement.sv Line: 23
Info (10041): Inferred latch for "board_out[5][0][2]" at Movement.sv(23) File: C:/Users/Bryan Gomez/Documents/L4/Movement.sv Line: 23
Info (10041): Inferred latch for "board_out[5][0][3]" at Movement.sv(23) File: C:/Users/Bryan Gomez/Documents/L4/Movement.sv Line: 23
Info (10041): Inferred latch for "board_out[5][0][4]" at Movement.sv(23) File: C:/Users/Bryan Gomez/Documents/L4/Movement.sv Line: 23
Info (10041): Inferred latch for "board_out[5][0][5]" at Movement.sv(23) File: C:/Users/Bryan Gomez/Documents/L4/Movement.sv Line: 23
Info (10041): Inferred latch for "board_out[5][0][6]" at Movement.sv(23) File: C:/Users/Bryan Gomez/Documents/L4/Movement.sv Line: 23
Info (10041): Inferred latch for "board_out[5][0][7]" at Movement.sv(23) File: C:/Users/Bryan Gomez/Documents/L4/Movement.sv Line: 23
Info (10041): Inferred latch for "board_out[4][7][0]" at Movement.sv(23) File: C:/Users/Bryan Gomez/Documents/L4/Movement.sv Line: 23
Info (10041): Inferred latch for "board_out[4][7][1]" at Movement.sv(23) File: C:/Users/Bryan Gomez/Documents/L4/Movement.sv Line: 23
Info (10041): Inferred latch for "board_out[4][7][2]" at Movement.sv(23) File: C:/Users/Bryan Gomez/Documents/L4/Movement.sv Line: 23
Info (10041): Inferred latch for "board_out[4][7][3]" at Movement.sv(23) File: C:/Users/Bryan Gomez/Documents/L4/Movement.sv Line: 23
Info (10041): Inferred latch for "board_out[4][7][4]" at Movement.sv(23) File: C:/Users/Bryan Gomez/Documents/L4/Movement.sv Line: 23
Info (10041): Inferred latch for "board_out[4][7][5]" at Movement.sv(23) File: C:/Users/Bryan Gomez/Documents/L4/Movement.sv Line: 23
Info (10041): Inferred latch for "board_out[4][7][6]" at Movement.sv(23) File: C:/Users/Bryan Gomez/Documents/L4/Movement.sv Line: 23
Info (10041): Inferred latch for "board_out[4][7][7]" at Movement.sv(23) File: C:/Users/Bryan Gomez/Documents/L4/Movement.sv Line: 23
Info (10041): Inferred latch for "board_out[4][6][0]" at Movement.sv(23) File: C:/Users/Bryan Gomez/Documents/L4/Movement.sv Line: 23
Info (10041): Inferred latch for "board_out[4][6][1]" at Movement.sv(23) File: C:/Users/Bryan Gomez/Documents/L4/Movement.sv Line: 23
Info (10041): Inferred latch for "board_out[4][6][2]" at Movement.sv(23) File: C:/Users/Bryan Gomez/Documents/L4/Movement.sv Line: 23
Info (10041): Inferred latch for "board_out[4][6][3]" at Movement.sv(23) File: C:/Users/Bryan Gomez/Documents/L4/Movement.sv Line: 23
Info (10041): Inferred latch for "board_out[4][6][4]" at Movement.sv(23) File: C:/Users/Bryan Gomez/Documents/L4/Movement.sv Line: 23
Info (10041): Inferred latch for "board_out[4][6][5]" at Movement.sv(23) File: C:/Users/Bryan Gomez/Documents/L4/Movement.sv Line: 23
Info (10041): Inferred latch for "board_out[4][6][6]" at Movement.sv(23) File: C:/Users/Bryan Gomez/Documents/L4/Movement.sv Line: 23
Info (10041): Inferred latch for "board_out[4][6][7]" at Movement.sv(23) File: C:/Users/Bryan Gomez/Documents/L4/Movement.sv Line: 23
Info (10041): Inferred latch for "board_out[4][5][0]" at Movement.sv(23) File: C:/Users/Bryan Gomez/Documents/L4/Movement.sv Line: 23
Info (10041): Inferred latch for "board_out[4][5][1]" at Movement.sv(23) File: C:/Users/Bryan Gomez/Documents/L4/Movement.sv Line: 23
Info (10041): Inferred latch for "board_out[4][5][2]" at Movement.sv(23) File: C:/Users/Bryan Gomez/Documents/L4/Movement.sv Line: 23
Info (10041): Inferred latch for "board_out[4][5][3]" at Movement.sv(23) File: C:/Users/Bryan Gomez/Documents/L4/Movement.sv Line: 23
Info (10041): Inferred latch for "board_out[4][5][4]" at Movement.sv(23) File: C:/Users/Bryan Gomez/Documents/L4/Movement.sv Line: 23
Info (10041): Inferred latch for "board_out[4][5][5]" at Movement.sv(23) File: C:/Users/Bryan Gomez/Documents/L4/Movement.sv Line: 23
Info (10041): Inferred latch for "board_out[4][5][6]" at Movement.sv(23) File: C:/Users/Bryan Gomez/Documents/L4/Movement.sv Line: 23
Info (10041): Inferred latch for "board_out[4][5][7]" at Movement.sv(23) File: C:/Users/Bryan Gomez/Documents/L4/Movement.sv Line: 23
Info (10041): Inferred latch for "board_out[4][4][0]" at Movement.sv(23) File: C:/Users/Bryan Gomez/Documents/L4/Movement.sv Line: 23
Info (10041): Inferred latch for "board_out[4][4][1]" at Movement.sv(23) File: C:/Users/Bryan Gomez/Documents/L4/Movement.sv Line: 23
Info (10041): Inferred latch for "board_out[4][4][2]" at Movement.sv(23) File: C:/Users/Bryan Gomez/Documents/L4/Movement.sv Line: 23
Info (10041): Inferred latch for "board_out[4][4][3]" at Movement.sv(23) File: C:/Users/Bryan Gomez/Documents/L4/Movement.sv Line: 23
Info (10041): Inferred latch for "board_out[4][4][4]" at Movement.sv(23) File: C:/Users/Bryan Gomez/Documents/L4/Movement.sv Line: 23
Info (10041): Inferred latch for "board_out[4][4][5]" at Movement.sv(23) File: C:/Users/Bryan Gomez/Documents/L4/Movement.sv Line: 23
Info (10041): Inferred latch for "board_out[4][4][6]" at Movement.sv(23) File: C:/Users/Bryan Gomez/Documents/L4/Movement.sv Line: 23
Info (10041): Inferred latch for "board_out[4][4][7]" at Movement.sv(23) File: C:/Users/Bryan Gomez/Documents/L4/Movement.sv Line: 23
Info (10041): Inferred latch for "board_out[4][3][0]" at Movement.sv(23) File: C:/Users/Bryan Gomez/Documents/L4/Movement.sv Line: 23
Info (10041): Inferred latch for "board_out[4][3][1]" at Movement.sv(23) File: C:/Users/Bryan Gomez/Documents/L4/Movement.sv Line: 23
Info (10041): Inferred latch for "board_out[4][3][2]" at Movement.sv(23) File: C:/Users/Bryan Gomez/Documents/L4/Movement.sv Line: 23
Info (10041): Inferred latch for "board_out[4][3][3]" at Movement.sv(23) File: C:/Users/Bryan Gomez/Documents/L4/Movement.sv Line: 23
Info (10041): Inferred latch for "board_out[4][3][4]" at Movement.sv(23) File: C:/Users/Bryan Gomez/Documents/L4/Movement.sv Line: 23
Info (10041): Inferred latch for "board_out[4][3][5]" at Movement.sv(23) File: C:/Users/Bryan Gomez/Documents/L4/Movement.sv Line: 23
Info (10041): Inferred latch for "board_out[4][3][6]" at Movement.sv(23) File: C:/Users/Bryan Gomez/Documents/L4/Movement.sv Line: 23
Info (10041): Inferred latch for "board_out[4][3][7]" at Movement.sv(23) File: C:/Users/Bryan Gomez/Documents/L4/Movement.sv Line: 23
Info (10041): Inferred latch for "board_out[4][2][0]" at Movement.sv(23) File: C:/Users/Bryan Gomez/Documents/L4/Movement.sv Line: 23
Info (10041): Inferred latch for "board_out[4][2][1]" at Movement.sv(23) File: C:/Users/Bryan Gomez/Documents/L4/Movement.sv Line: 23
Info (10041): Inferred latch for "board_out[4][2][2]" at Movement.sv(23) File: C:/Users/Bryan Gomez/Documents/L4/Movement.sv Line: 23
Info (10041): Inferred latch for "board_out[4][2][3]" at Movement.sv(23) File: C:/Users/Bryan Gomez/Documents/L4/Movement.sv Line: 23
Info (10041): Inferred latch for "board_out[4][2][4]" at Movement.sv(23) File: C:/Users/Bryan Gomez/Documents/L4/Movement.sv Line: 23
Info (10041): Inferred latch for "board_out[4][2][5]" at Movement.sv(23) File: C:/Users/Bryan Gomez/Documents/L4/Movement.sv Line: 23
Info (10041): Inferred latch for "board_out[4][2][6]" at Movement.sv(23) File: C:/Users/Bryan Gomez/Documents/L4/Movement.sv Line: 23
Info (10041): Inferred latch for "board_out[4][2][7]" at Movement.sv(23) File: C:/Users/Bryan Gomez/Documents/L4/Movement.sv Line: 23
Info (10041): Inferred latch for "board_out[4][1][0]" at Movement.sv(23) File: C:/Users/Bryan Gomez/Documents/L4/Movement.sv Line: 23
Info (10041): Inferred latch for "board_out[4][1][1]" at Movement.sv(23) File: C:/Users/Bryan Gomez/Documents/L4/Movement.sv Line: 23
Info (10041): Inferred latch for "board_out[4][1][2]" at Movement.sv(23) File: C:/Users/Bryan Gomez/Documents/L4/Movement.sv Line: 23
Info (10041): Inferred latch for "board_out[4][1][3]" at Movement.sv(23) File: C:/Users/Bryan Gomez/Documents/L4/Movement.sv Line: 23
Info (10041): Inferred latch for "board_out[4][1][4]" at Movement.sv(23) File: C:/Users/Bryan Gomez/Documents/L4/Movement.sv Line: 23
Info (10041): Inferred latch for "board_out[4][1][5]" at Movement.sv(23) File: C:/Users/Bryan Gomez/Documents/L4/Movement.sv Line: 23
Info (10041): Inferred latch for "board_out[4][1][6]" at Movement.sv(23) File: C:/Users/Bryan Gomez/Documents/L4/Movement.sv Line: 23
Info (10041): Inferred latch for "board_out[4][1][7]" at Movement.sv(23) File: C:/Users/Bryan Gomez/Documents/L4/Movement.sv Line: 23
Info (10041): Inferred latch for "board_out[4][0][0]" at Movement.sv(23) File: C:/Users/Bryan Gomez/Documents/L4/Movement.sv Line: 23
Info (10041): Inferred latch for "board_out[4][0][1]" at Movement.sv(23) File: C:/Users/Bryan Gomez/Documents/L4/Movement.sv Line: 23
Info (10041): Inferred latch for "board_out[4][0][2]" at Movement.sv(23) File: C:/Users/Bryan Gomez/Documents/L4/Movement.sv Line: 23
Info (10041): Inferred latch for "board_out[4][0][3]" at Movement.sv(23) File: C:/Users/Bryan Gomez/Documents/L4/Movement.sv Line: 23
Info (10041): Inferred latch for "board_out[4][0][4]" at Movement.sv(23) File: C:/Users/Bryan Gomez/Documents/L4/Movement.sv Line: 23
Info (10041): Inferred latch for "board_out[4][0][5]" at Movement.sv(23) File: C:/Users/Bryan Gomez/Documents/L4/Movement.sv Line: 23
Info (10041): Inferred latch for "board_out[4][0][6]" at Movement.sv(23) File: C:/Users/Bryan Gomez/Documents/L4/Movement.sv Line: 23
Info (10041): Inferred latch for "board_out[4][0][7]" at Movement.sv(23) File: C:/Users/Bryan Gomez/Documents/L4/Movement.sv Line: 23
Info (10041): Inferred latch for "board_out[3][7][0]" at Movement.sv(23) File: C:/Users/Bryan Gomez/Documents/L4/Movement.sv Line: 23
Info (10041): Inferred latch for "board_out[3][7][1]" at Movement.sv(23) File: C:/Users/Bryan Gomez/Documents/L4/Movement.sv Line: 23
Info (10041): Inferred latch for "board_out[3][7][2]" at Movement.sv(23) File: C:/Users/Bryan Gomez/Documents/L4/Movement.sv Line: 23
Info (10041): Inferred latch for "board_out[3][7][3]" at Movement.sv(23) File: C:/Users/Bryan Gomez/Documents/L4/Movement.sv Line: 23
Info (10041): Inferred latch for "board_out[3][7][4]" at Movement.sv(23) File: C:/Users/Bryan Gomez/Documents/L4/Movement.sv Line: 23
Info (10041): Inferred latch for "board_out[3][7][5]" at Movement.sv(23) File: C:/Users/Bryan Gomez/Documents/L4/Movement.sv Line: 23
Info (10041): Inferred latch for "board_out[3][7][6]" at Movement.sv(23) File: C:/Users/Bryan Gomez/Documents/L4/Movement.sv Line: 23
Info (10041): Inferred latch for "board_out[3][7][7]" at Movement.sv(23) File: C:/Users/Bryan Gomez/Documents/L4/Movement.sv Line: 23
Info (10041): Inferred latch for "board_out[3][6][0]" at Movement.sv(23) File: C:/Users/Bryan Gomez/Documents/L4/Movement.sv Line: 23
Info (10041): Inferred latch for "board_out[3][6][1]" at Movement.sv(23) File: C:/Users/Bryan Gomez/Documents/L4/Movement.sv Line: 23
Info (10041): Inferred latch for "board_out[3][6][2]" at Movement.sv(23) File: C:/Users/Bryan Gomez/Documents/L4/Movement.sv Line: 23
Info (10041): Inferred latch for "board_out[3][6][3]" at Movement.sv(23) File: C:/Users/Bryan Gomez/Documents/L4/Movement.sv Line: 23
Info (10041): Inferred latch for "board_out[3][6][4]" at Movement.sv(23) File: C:/Users/Bryan Gomez/Documents/L4/Movement.sv Line: 23
Info (10041): Inferred latch for "board_out[3][6][5]" at Movement.sv(23) File: C:/Users/Bryan Gomez/Documents/L4/Movement.sv Line: 23
Info (10041): Inferred latch for "board_out[3][6][6]" at Movement.sv(23) File: C:/Users/Bryan Gomez/Documents/L4/Movement.sv Line: 23
Info (10041): Inferred latch for "board_out[3][6][7]" at Movement.sv(23) File: C:/Users/Bryan Gomez/Documents/L4/Movement.sv Line: 23
Info (10041): Inferred latch for "board_out[3][5][0]" at Movement.sv(23) File: C:/Users/Bryan Gomez/Documents/L4/Movement.sv Line: 23
Info (10041): Inferred latch for "board_out[3][5][1]" at Movement.sv(23) File: C:/Users/Bryan Gomez/Documents/L4/Movement.sv Line: 23
Info (10041): Inferred latch for "board_out[3][5][2]" at Movement.sv(23) File: C:/Users/Bryan Gomez/Documents/L4/Movement.sv Line: 23
Info (10041): Inferred latch for "board_out[3][5][3]" at Movement.sv(23) File: C:/Users/Bryan Gomez/Documents/L4/Movement.sv Line: 23
Info (10041): Inferred latch for "board_out[3][5][4]" at Movement.sv(23) File: C:/Users/Bryan Gomez/Documents/L4/Movement.sv Line: 23
Info (10041): Inferred latch for "board_out[3][5][5]" at Movement.sv(23) File: C:/Users/Bryan Gomez/Documents/L4/Movement.sv Line: 23
Info (10041): Inferred latch for "board_out[3][5][6]" at Movement.sv(23) File: C:/Users/Bryan Gomez/Documents/L4/Movement.sv Line: 23
Info (10041): Inferred latch for "board_out[3][5][7]" at Movement.sv(23) File: C:/Users/Bryan Gomez/Documents/L4/Movement.sv Line: 23
Info (10041): Inferred latch for "board_out[3][4][0]" at Movement.sv(23) File: C:/Users/Bryan Gomez/Documents/L4/Movement.sv Line: 23
Info (10041): Inferred latch for "board_out[3][4][1]" at Movement.sv(23) File: C:/Users/Bryan Gomez/Documents/L4/Movement.sv Line: 23
Info (10041): Inferred latch for "board_out[3][4][2]" at Movement.sv(23) File: C:/Users/Bryan Gomez/Documents/L4/Movement.sv Line: 23
Info (10041): Inferred latch for "board_out[3][4][3]" at Movement.sv(23) File: C:/Users/Bryan Gomez/Documents/L4/Movement.sv Line: 23
Info (10041): Inferred latch for "board_out[3][4][4]" at Movement.sv(23) File: C:/Users/Bryan Gomez/Documents/L4/Movement.sv Line: 23
Info (10041): Inferred latch for "board_out[3][4][5]" at Movement.sv(23) File: C:/Users/Bryan Gomez/Documents/L4/Movement.sv Line: 23
Info (10041): Inferred latch for "board_out[3][4][6]" at Movement.sv(23) File: C:/Users/Bryan Gomez/Documents/L4/Movement.sv Line: 23
Info (10041): Inferred latch for "board_out[3][4][7]" at Movement.sv(23) File: C:/Users/Bryan Gomez/Documents/L4/Movement.sv Line: 23
Info (10041): Inferred latch for "board_out[3][3][0]" at Movement.sv(23) File: C:/Users/Bryan Gomez/Documents/L4/Movement.sv Line: 23
Info (10041): Inferred latch for "board_out[3][3][1]" at Movement.sv(23) File: C:/Users/Bryan Gomez/Documents/L4/Movement.sv Line: 23
Info (10041): Inferred latch for "board_out[3][3][2]" at Movement.sv(23) File: C:/Users/Bryan Gomez/Documents/L4/Movement.sv Line: 23
Info (10041): Inferred latch for "board_out[3][3][3]" at Movement.sv(23) File: C:/Users/Bryan Gomez/Documents/L4/Movement.sv Line: 23
Info (10041): Inferred latch for "board_out[3][3][4]" at Movement.sv(23) File: C:/Users/Bryan Gomez/Documents/L4/Movement.sv Line: 23
Info (10041): Inferred latch for "board_out[3][3][5]" at Movement.sv(23) File: C:/Users/Bryan Gomez/Documents/L4/Movement.sv Line: 23
Info (10041): Inferred latch for "board_out[3][3][6]" at Movement.sv(23) File: C:/Users/Bryan Gomez/Documents/L4/Movement.sv Line: 23
Info (10041): Inferred latch for "board_out[3][3][7]" at Movement.sv(23) File: C:/Users/Bryan Gomez/Documents/L4/Movement.sv Line: 23
Info (10041): Inferred latch for "board_out[3][2][0]" at Movement.sv(23) File: C:/Users/Bryan Gomez/Documents/L4/Movement.sv Line: 23
Info (10041): Inferred latch for "board_out[3][2][1]" at Movement.sv(23) File: C:/Users/Bryan Gomez/Documents/L4/Movement.sv Line: 23
Info (10041): Inferred latch for "board_out[3][2][2]" at Movement.sv(23) File: C:/Users/Bryan Gomez/Documents/L4/Movement.sv Line: 23
Info (10041): Inferred latch for "board_out[3][2][3]" at Movement.sv(23) File: C:/Users/Bryan Gomez/Documents/L4/Movement.sv Line: 23
Info (10041): Inferred latch for "board_out[3][2][4]" at Movement.sv(23) File: C:/Users/Bryan Gomez/Documents/L4/Movement.sv Line: 23
Info (10041): Inferred latch for "board_out[3][2][5]" at Movement.sv(23) File: C:/Users/Bryan Gomez/Documents/L4/Movement.sv Line: 23
Info (10041): Inferred latch for "board_out[3][2][6]" at Movement.sv(23) File: C:/Users/Bryan Gomez/Documents/L4/Movement.sv Line: 23
Info (10041): Inferred latch for "board_out[3][2][7]" at Movement.sv(23) File: C:/Users/Bryan Gomez/Documents/L4/Movement.sv Line: 23
Info (10041): Inferred latch for "board_out[3][1][0]" at Movement.sv(23) File: C:/Users/Bryan Gomez/Documents/L4/Movement.sv Line: 23
Info (10041): Inferred latch for "board_out[3][1][1]" at Movement.sv(23) File: C:/Users/Bryan Gomez/Documents/L4/Movement.sv Line: 23
Info (10041): Inferred latch for "board_out[3][1][2]" at Movement.sv(23) File: C:/Users/Bryan Gomez/Documents/L4/Movement.sv Line: 23
Info (10041): Inferred latch for "board_out[3][1][3]" at Movement.sv(23) File: C:/Users/Bryan Gomez/Documents/L4/Movement.sv Line: 23
Info (10041): Inferred latch for "board_out[3][1][4]" at Movement.sv(23) File: C:/Users/Bryan Gomez/Documents/L4/Movement.sv Line: 23
Info (10041): Inferred latch for "board_out[3][1][5]" at Movement.sv(23) File: C:/Users/Bryan Gomez/Documents/L4/Movement.sv Line: 23
Info (10041): Inferred latch for "board_out[3][1][6]" at Movement.sv(23) File: C:/Users/Bryan Gomez/Documents/L4/Movement.sv Line: 23
Info (10041): Inferred latch for "board_out[3][1][7]" at Movement.sv(23) File: C:/Users/Bryan Gomez/Documents/L4/Movement.sv Line: 23
Info (10041): Inferred latch for "board_out[3][0][0]" at Movement.sv(23) File: C:/Users/Bryan Gomez/Documents/L4/Movement.sv Line: 23
Info (10041): Inferred latch for "board_out[3][0][1]" at Movement.sv(23) File: C:/Users/Bryan Gomez/Documents/L4/Movement.sv Line: 23
Info (10041): Inferred latch for "board_out[3][0][2]" at Movement.sv(23) File: C:/Users/Bryan Gomez/Documents/L4/Movement.sv Line: 23
Info (10041): Inferred latch for "board_out[3][0][3]" at Movement.sv(23) File: C:/Users/Bryan Gomez/Documents/L4/Movement.sv Line: 23
Info (10041): Inferred latch for "board_out[3][0][4]" at Movement.sv(23) File: C:/Users/Bryan Gomez/Documents/L4/Movement.sv Line: 23
Info (10041): Inferred latch for "board_out[3][0][5]" at Movement.sv(23) File: C:/Users/Bryan Gomez/Documents/L4/Movement.sv Line: 23
Info (10041): Inferred latch for "board_out[3][0][6]" at Movement.sv(23) File: C:/Users/Bryan Gomez/Documents/L4/Movement.sv Line: 23
Info (10041): Inferred latch for "board_out[3][0][7]" at Movement.sv(23) File: C:/Users/Bryan Gomez/Documents/L4/Movement.sv Line: 23
Info (10041): Inferred latch for "board_out[2][7][0]" at Movement.sv(23) File: C:/Users/Bryan Gomez/Documents/L4/Movement.sv Line: 23
Info (10041): Inferred latch for "board_out[2][7][1]" at Movement.sv(23) File: C:/Users/Bryan Gomez/Documents/L4/Movement.sv Line: 23
Info (10041): Inferred latch for "board_out[2][7][2]" at Movement.sv(23) File: C:/Users/Bryan Gomez/Documents/L4/Movement.sv Line: 23
Info (10041): Inferred latch for "board_out[2][7][3]" at Movement.sv(23) File: C:/Users/Bryan Gomez/Documents/L4/Movement.sv Line: 23
Info (10041): Inferred latch for "board_out[2][7][4]" at Movement.sv(23) File: C:/Users/Bryan Gomez/Documents/L4/Movement.sv Line: 23
Info (10041): Inferred latch for "board_out[2][7][5]" at Movement.sv(23) File: C:/Users/Bryan Gomez/Documents/L4/Movement.sv Line: 23
Info (10041): Inferred latch for "board_out[2][7][6]" at Movement.sv(23) File: C:/Users/Bryan Gomez/Documents/L4/Movement.sv Line: 23
Info (10041): Inferred latch for "board_out[2][7][7]" at Movement.sv(23) File: C:/Users/Bryan Gomez/Documents/L4/Movement.sv Line: 23
Info (10041): Inferred latch for "board_out[2][6][0]" at Movement.sv(23) File: C:/Users/Bryan Gomez/Documents/L4/Movement.sv Line: 23
Info (10041): Inferred latch for "board_out[2][6][1]" at Movement.sv(23) File: C:/Users/Bryan Gomez/Documents/L4/Movement.sv Line: 23
Info (10041): Inferred latch for "board_out[2][6][2]" at Movement.sv(23) File: C:/Users/Bryan Gomez/Documents/L4/Movement.sv Line: 23
Info (10041): Inferred latch for "board_out[2][6][3]" at Movement.sv(23) File: C:/Users/Bryan Gomez/Documents/L4/Movement.sv Line: 23
Info (10041): Inferred latch for "board_out[2][6][4]" at Movement.sv(23) File: C:/Users/Bryan Gomez/Documents/L4/Movement.sv Line: 23
Info (10041): Inferred latch for "board_out[2][6][5]" at Movement.sv(23) File: C:/Users/Bryan Gomez/Documents/L4/Movement.sv Line: 23
Info (10041): Inferred latch for "board_out[2][6][6]" at Movement.sv(23) File: C:/Users/Bryan Gomez/Documents/L4/Movement.sv Line: 23
Info (10041): Inferred latch for "board_out[2][6][7]" at Movement.sv(23) File: C:/Users/Bryan Gomez/Documents/L4/Movement.sv Line: 23
Info (10041): Inferred latch for "board_out[2][5][0]" at Movement.sv(23) File: C:/Users/Bryan Gomez/Documents/L4/Movement.sv Line: 23
Info (10041): Inferred latch for "board_out[2][5][1]" at Movement.sv(23) File: C:/Users/Bryan Gomez/Documents/L4/Movement.sv Line: 23
Info (10041): Inferred latch for "board_out[2][5][2]" at Movement.sv(23) File: C:/Users/Bryan Gomez/Documents/L4/Movement.sv Line: 23
Info (10041): Inferred latch for "board_out[2][5][3]" at Movement.sv(23) File: C:/Users/Bryan Gomez/Documents/L4/Movement.sv Line: 23
Info (10041): Inferred latch for "board_out[2][5][4]" at Movement.sv(23) File: C:/Users/Bryan Gomez/Documents/L4/Movement.sv Line: 23
Info (10041): Inferred latch for "board_out[2][5][5]" at Movement.sv(23) File: C:/Users/Bryan Gomez/Documents/L4/Movement.sv Line: 23
Info (10041): Inferred latch for "board_out[2][5][6]" at Movement.sv(23) File: C:/Users/Bryan Gomez/Documents/L4/Movement.sv Line: 23
Info (10041): Inferred latch for "board_out[2][5][7]" at Movement.sv(23) File: C:/Users/Bryan Gomez/Documents/L4/Movement.sv Line: 23
Info (10041): Inferred latch for "board_out[2][4][0]" at Movement.sv(23) File: C:/Users/Bryan Gomez/Documents/L4/Movement.sv Line: 23
Info (10041): Inferred latch for "board_out[2][4][1]" at Movement.sv(23) File: C:/Users/Bryan Gomez/Documents/L4/Movement.sv Line: 23
Info (10041): Inferred latch for "board_out[2][4][2]" at Movement.sv(23) File: C:/Users/Bryan Gomez/Documents/L4/Movement.sv Line: 23
Info (10041): Inferred latch for "board_out[2][4][3]" at Movement.sv(23) File: C:/Users/Bryan Gomez/Documents/L4/Movement.sv Line: 23
Info (10041): Inferred latch for "board_out[2][4][4]" at Movement.sv(23) File: C:/Users/Bryan Gomez/Documents/L4/Movement.sv Line: 23
Info (10041): Inferred latch for "board_out[2][4][5]" at Movement.sv(23) File: C:/Users/Bryan Gomez/Documents/L4/Movement.sv Line: 23
Info (10041): Inferred latch for "board_out[2][4][6]" at Movement.sv(23) File: C:/Users/Bryan Gomez/Documents/L4/Movement.sv Line: 23
Info (10041): Inferred latch for "board_out[2][4][7]" at Movement.sv(23) File: C:/Users/Bryan Gomez/Documents/L4/Movement.sv Line: 23
Info (10041): Inferred latch for "board_out[2][3][0]" at Movement.sv(23) File: C:/Users/Bryan Gomez/Documents/L4/Movement.sv Line: 23
Info (10041): Inferred latch for "board_out[2][3][1]" at Movement.sv(23) File: C:/Users/Bryan Gomez/Documents/L4/Movement.sv Line: 23
Info (10041): Inferred latch for "board_out[2][3][2]" at Movement.sv(23) File: C:/Users/Bryan Gomez/Documents/L4/Movement.sv Line: 23
Info (10041): Inferred latch for "board_out[2][3][3]" at Movement.sv(23) File: C:/Users/Bryan Gomez/Documents/L4/Movement.sv Line: 23
Info (10041): Inferred latch for "board_out[2][3][4]" at Movement.sv(23) File: C:/Users/Bryan Gomez/Documents/L4/Movement.sv Line: 23
Info (10041): Inferred latch for "board_out[2][3][5]" at Movement.sv(23) File: C:/Users/Bryan Gomez/Documents/L4/Movement.sv Line: 23
Info (10041): Inferred latch for "board_out[2][3][6]" at Movement.sv(23) File: C:/Users/Bryan Gomez/Documents/L4/Movement.sv Line: 23
Info (10041): Inferred latch for "board_out[2][3][7]" at Movement.sv(23) File: C:/Users/Bryan Gomez/Documents/L4/Movement.sv Line: 23
Info (10041): Inferred latch for "board_out[2][2][0]" at Movement.sv(23) File: C:/Users/Bryan Gomez/Documents/L4/Movement.sv Line: 23
Info (10041): Inferred latch for "board_out[2][2][1]" at Movement.sv(23) File: C:/Users/Bryan Gomez/Documents/L4/Movement.sv Line: 23
Info (10041): Inferred latch for "board_out[2][2][2]" at Movement.sv(23) File: C:/Users/Bryan Gomez/Documents/L4/Movement.sv Line: 23
Info (10041): Inferred latch for "board_out[2][2][3]" at Movement.sv(23) File: C:/Users/Bryan Gomez/Documents/L4/Movement.sv Line: 23
Info (10041): Inferred latch for "board_out[2][2][4]" at Movement.sv(23) File: C:/Users/Bryan Gomez/Documents/L4/Movement.sv Line: 23
Info (10041): Inferred latch for "board_out[2][2][5]" at Movement.sv(23) File: C:/Users/Bryan Gomez/Documents/L4/Movement.sv Line: 23
Info (10041): Inferred latch for "board_out[2][2][6]" at Movement.sv(23) File: C:/Users/Bryan Gomez/Documents/L4/Movement.sv Line: 23
Info (10041): Inferred latch for "board_out[2][2][7]" at Movement.sv(23) File: C:/Users/Bryan Gomez/Documents/L4/Movement.sv Line: 23
Info (10041): Inferred latch for "board_out[2][1][0]" at Movement.sv(23) File: C:/Users/Bryan Gomez/Documents/L4/Movement.sv Line: 23
Info (10041): Inferred latch for "board_out[2][1][1]" at Movement.sv(23) File: C:/Users/Bryan Gomez/Documents/L4/Movement.sv Line: 23
Info (10041): Inferred latch for "board_out[2][1][2]" at Movement.sv(23) File: C:/Users/Bryan Gomez/Documents/L4/Movement.sv Line: 23
Info (10041): Inferred latch for "board_out[2][1][3]" at Movement.sv(23) File: C:/Users/Bryan Gomez/Documents/L4/Movement.sv Line: 23
Info (10041): Inferred latch for "board_out[2][1][4]" at Movement.sv(23) File: C:/Users/Bryan Gomez/Documents/L4/Movement.sv Line: 23
Info (10041): Inferred latch for "board_out[2][1][5]" at Movement.sv(23) File: C:/Users/Bryan Gomez/Documents/L4/Movement.sv Line: 23
Info (10041): Inferred latch for "board_out[2][1][6]" at Movement.sv(23) File: C:/Users/Bryan Gomez/Documents/L4/Movement.sv Line: 23
Info (10041): Inferred latch for "board_out[2][1][7]" at Movement.sv(23) File: C:/Users/Bryan Gomez/Documents/L4/Movement.sv Line: 23
Info (10041): Inferred latch for "board_out[2][0][0]" at Movement.sv(23) File: C:/Users/Bryan Gomez/Documents/L4/Movement.sv Line: 23
Info (10041): Inferred latch for "board_out[2][0][1]" at Movement.sv(23) File: C:/Users/Bryan Gomez/Documents/L4/Movement.sv Line: 23
Info (10041): Inferred latch for "board_out[2][0][2]" at Movement.sv(23) File: C:/Users/Bryan Gomez/Documents/L4/Movement.sv Line: 23
Info (10041): Inferred latch for "board_out[2][0][3]" at Movement.sv(23) File: C:/Users/Bryan Gomez/Documents/L4/Movement.sv Line: 23
Info (10041): Inferred latch for "board_out[2][0][4]" at Movement.sv(23) File: C:/Users/Bryan Gomez/Documents/L4/Movement.sv Line: 23
Info (10041): Inferred latch for "board_out[2][0][5]" at Movement.sv(23) File: C:/Users/Bryan Gomez/Documents/L4/Movement.sv Line: 23
Info (10041): Inferred latch for "board_out[2][0][6]" at Movement.sv(23) File: C:/Users/Bryan Gomez/Documents/L4/Movement.sv Line: 23
Info (10041): Inferred latch for "board_out[2][0][7]" at Movement.sv(23) File: C:/Users/Bryan Gomez/Documents/L4/Movement.sv Line: 23
Info (10041): Inferred latch for "board_out[1][7][0]" at Movement.sv(23) File: C:/Users/Bryan Gomez/Documents/L4/Movement.sv Line: 23
Info (10041): Inferred latch for "board_out[1][7][1]" at Movement.sv(23) File: C:/Users/Bryan Gomez/Documents/L4/Movement.sv Line: 23
Info (10041): Inferred latch for "board_out[1][7][2]" at Movement.sv(23) File: C:/Users/Bryan Gomez/Documents/L4/Movement.sv Line: 23
Info (10041): Inferred latch for "board_out[1][7][3]" at Movement.sv(23) File: C:/Users/Bryan Gomez/Documents/L4/Movement.sv Line: 23
Info (10041): Inferred latch for "board_out[1][7][4]" at Movement.sv(23) File: C:/Users/Bryan Gomez/Documents/L4/Movement.sv Line: 23
Info (10041): Inferred latch for "board_out[1][7][5]" at Movement.sv(23) File: C:/Users/Bryan Gomez/Documents/L4/Movement.sv Line: 23
Info (10041): Inferred latch for "board_out[1][7][6]" at Movement.sv(23) File: C:/Users/Bryan Gomez/Documents/L4/Movement.sv Line: 23
Info (10041): Inferred latch for "board_out[1][7][7]" at Movement.sv(23) File: C:/Users/Bryan Gomez/Documents/L4/Movement.sv Line: 23
Info (10041): Inferred latch for "board_out[1][6][0]" at Movement.sv(23) File: C:/Users/Bryan Gomez/Documents/L4/Movement.sv Line: 23
Info (10041): Inferred latch for "board_out[1][6][1]" at Movement.sv(23) File: C:/Users/Bryan Gomez/Documents/L4/Movement.sv Line: 23
Info (10041): Inferred latch for "board_out[1][6][2]" at Movement.sv(23) File: C:/Users/Bryan Gomez/Documents/L4/Movement.sv Line: 23
Info (10041): Inferred latch for "board_out[1][6][3]" at Movement.sv(23) File: C:/Users/Bryan Gomez/Documents/L4/Movement.sv Line: 23
Info (10041): Inferred latch for "board_out[1][6][4]" at Movement.sv(23) File: C:/Users/Bryan Gomez/Documents/L4/Movement.sv Line: 23
Info (10041): Inferred latch for "board_out[1][6][5]" at Movement.sv(23) File: C:/Users/Bryan Gomez/Documents/L4/Movement.sv Line: 23
Info (10041): Inferred latch for "board_out[1][6][6]" at Movement.sv(23) File: C:/Users/Bryan Gomez/Documents/L4/Movement.sv Line: 23
Info (10041): Inferred latch for "board_out[1][6][7]" at Movement.sv(23) File: C:/Users/Bryan Gomez/Documents/L4/Movement.sv Line: 23
Info (10041): Inferred latch for "board_out[1][5][0]" at Movement.sv(23) File: C:/Users/Bryan Gomez/Documents/L4/Movement.sv Line: 23
Info (10041): Inferred latch for "board_out[1][5][1]" at Movement.sv(23) File: C:/Users/Bryan Gomez/Documents/L4/Movement.sv Line: 23
Info (10041): Inferred latch for "board_out[1][5][2]" at Movement.sv(23) File: C:/Users/Bryan Gomez/Documents/L4/Movement.sv Line: 23
Info (10041): Inferred latch for "board_out[1][5][3]" at Movement.sv(23) File: C:/Users/Bryan Gomez/Documents/L4/Movement.sv Line: 23
Info (10041): Inferred latch for "board_out[1][5][4]" at Movement.sv(23) File: C:/Users/Bryan Gomez/Documents/L4/Movement.sv Line: 23
Info (10041): Inferred latch for "board_out[1][5][5]" at Movement.sv(23) File: C:/Users/Bryan Gomez/Documents/L4/Movement.sv Line: 23
Info (10041): Inferred latch for "board_out[1][5][6]" at Movement.sv(23) File: C:/Users/Bryan Gomez/Documents/L4/Movement.sv Line: 23
Info (10041): Inferred latch for "board_out[1][5][7]" at Movement.sv(23) File: C:/Users/Bryan Gomez/Documents/L4/Movement.sv Line: 23
Info (10041): Inferred latch for "board_out[1][4][0]" at Movement.sv(23) File: C:/Users/Bryan Gomez/Documents/L4/Movement.sv Line: 23
Info (10041): Inferred latch for "board_out[1][4][1]" at Movement.sv(23) File: C:/Users/Bryan Gomez/Documents/L4/Movement.sv Line: 23
Info (10041): Inferred latch for "board_out[1][4][2]" at Movement.sv(23) File: C:/Users/Bryan Gomez/Documents/L4/Movement.sv Line: 23
Info (10041): Inferred latch for "board_out[1][4][3]" at Movement.sv(23) File: C:/Users/Bryan Gomez/Documents/L4/Movement.sv Line: 23
Info (10041): Inferred latch for "board_out[1][4][4]" at Movement.sv(23) File: C:/Users/Bryan Gomez/Documents/L4/Movement.sv Line: 23
Info (10041): Inferred latch for "board_out[1][4][5]" at Movement.sv(23) File: C:/Users/Bryan Gomez/Documents/L4/Movement.sv Line: 23
Info (10041): Inferred latch for "board_out[1][4][6]" at Movement.sv(23) File: C:/Users/Bryan Gomez/Documents/L4/Movement.sv Line: 23
Info (10041): Inferred latch for "board_out[1][4][7]" at Movement.sv(23) File: C:/Users/Bryan Gomez/Documents/L4/Movement.sv Line: 23
Info (10041): Inferred latch for "board_out[1][3][0]" at Movement.sv(23) File: C:/Users/Bryan Gomez/Documents/L4/Movement.sv Line: 23
Info (10041): Inferred latch for "board_out[1][3][1]" at Movement.sv(23) File: C:/Users/Bryan Gomez/Documents/L4/Movement.sv Line: 23
Info (10041): Inferred latch for "board_out[1][3][2]" at Movement.sv(23) File: C:/Users/Bryan Gomez/Documents/L4/Movement.sv Line: 23
Info (10041): Inferred latch for "board_out[1][3][3]" at Movement.sv(23) File: C:/Users/Bryan Gomez/Documents/L4/Movement.sv Line: 23
Info (10041): Inferred latch for "board_out[1][3][4]" at Movement.sv(23) File: C:/Users/Bryan Gomez/Documents/L4/Movement.sv Line: 23
Info (10041): Inferred latch for "board_out[1][3][5]" at Movement.sv(23) File: C:/Users/Bryan Gomez/Documents/L4/Movement.sv Line: 23
Info (10041): Inferred latch for "board_out[1][3][6]" at Movement.sv(23) File: C:/Users/Bryan Gomez/Documents/L4/Movement.sv Line: 23
Info (10041): Inferred latch for "board_out[1][3][7]" at Movement.sv(23) File: C:/Users/Bryan Gomez/Documents/L4/Movement.sv Line: 23
Info (10041): Inferred latch for "board_out[1][2][0]" at Movement.sv(23) File: C:/Users/Bryan Gomez/Documents/L4/Movement.sv Line: 23
Info (10041): Inferred latch for "board_out[1][2][1]" at Movement.sv(23) File: C:/Users/Bryan Gomez/Documents/L4/Movement.sv Line: 23
Info (10041): Inferred latch for "board_out[1][2][2]" at Movement.sv(23) File: C:/Users/Bryan Gomez/Documents/L4/Movement.sv Line: 23
Info (10041): Inferred latch for "board_out[1][2][3]" at Movement.sv(23) File: C:/Users/Bryan Gomez/Documents/L4/Movement.sv Line: 23
Info (10041): Inferred latch for "board_out[1][2][4]" at Movement.sv(23) File: C:/Users/Bryan Gomez/Documents/L4/Movement.sv Line: 23
Info (10041): Inferred latch for "board_out[1][2][5]" at Movement.sv(23) File: C:/Users/Bryan Gomez/Documents/L4/Movement.sv Line: 23
Info (10041): Inferred latch for "board_out[1][2][6]" at Movement.sv(23) File: C:/Users/Bryan Gomez/Documents/L4/Movement.sv Line: 23
Info (10041): Inferred latch for "board_out[1][2][7]" at Movement.sv(23) File: C:/Users/Bryan Gomez/Documents/L4/Movement.sv Line: 23
Info (10041): Inferred latch for "board_out[1][1][0]" at Movement.sv(23) File: C:/Users/Bryan Gomez/Documents/L4/Movement.sv Line: 23
Info (10041): Inferred latch for "board_out[1][1][1]" at Movement.sv(23) File: C:/Users/Bryan Gomez/Documents/L4/Movement.sv Line: 23
Info (10041): Inferred latch for "board_out[1][1][2]" at Movement.sv(23) File: C:/Users/Bryan Gomez/Documents/L4/Movement.sv Line: 23
Info (10041): Inferred latch for "board_out[1][1][3]" at Movement.sv(23) File: C:/Users/Bryan Gomez/Documents/L4/Movement.sv Line: 23
Info (10041): Inferred latch for "board_out[1][1][4]" at Movement.sv(23) File: C:/Users/Bryan Gomez/Documents/L4/Movement.sv Line: 23
Info (10041): Inferred latch for "board_out[1][1][5]" at Movement.sv(23) File: C:/Users/Bryan Gomez/Documents/L4/Movement.sv Line: 23
Info (10041): Inferred latch for "board_out[1][1][6]" at Movement.sv(23) File: C:/Users/Bryan Gomez/Documents/L4/Movement.sv Line: 23
Info (10041): Inferred latch for "board_out[1][1][7]" at Movement.sv(23) File: C:/Users/Bryan Gomez/Documents/L4/Movement.sv Line: 23
Info (10041): Inferred latch for "board_out[1][0][0]" at Movement.sv(23) File: C:/Users/Bryan Gomez/Documents/L4/Movement.sv Line: 23
Info (10041): Inferred latch for "board_out[1][0][1]" at Movement.sv(23) File: C:/Users/Bryan Gomez/Documents/L4/Movement.sv Line: 23
Info (10041): Inferred latch for "board_out[1][0][2]" at Movement.sv(23) File: C:/Users/Bryan Gomez/Documents/L4/Movement.sv Line: 23
Info (10041): Inferred latch for "board_out[1][0][3]" at Movement.sv(23) File: C:/Users/Bryan Gomez/Documents/L4/Movement.sv Line: 23
Info (10041): Inferred latch for "board_out[1][0][4]" at Movement.sv(23) File: C:/Users/Bryan Gomez/Documents/L4/Movement.sv Line: 23
Info (10041): Inferred latch for "board_out[1][0][5]" at Movement.sv(23) File: C:/Users/Bryan Gomez/Documents/L4/Movement.sv Line: 23
Info (10041): Inferred latch for "board_out[1][0][6]" at Movement.sv(23) File: C:/Users/Bryan Gomez/Documents/L4/Movement.sv Line: 23
Info (10041): Inferred latch for "board_out[1][0][7]" at Movement.sv(23) File: C:/Users/Bryan Gomez/Documents/L4/Movement.sv Line: 23
Info (10041): Inferred latch for "board_out[0][7][0]" at Movement.sv(23) File: C:/Users/Bryan Gomez/Documents/L4/Movement.sv Line: 23
Info (10041): Inferred latch for "board_out[0][7][1]" at Movement.sv(23) File: C:/Users/Bryan Gomez/Documents/L4/Movement.sv Line: 23
Info (10041): Inferred latch for "board_out[0][7][2]" at Movement.sv(23) File: C:/Users/Bryan Gomez/Documents/L4/Movement.sv Line: 23
Info (10041): Inferred latch for "board_out[0][7][3]" at Movement.sv(23) File: C:/Users/Bryan Gomez/Documents/L4/Movement.sv Line: 23
Info (10041): Inferred latch for "board_out[0][7][4]" at Movement.sv(23) File: C:/Users/Bryan Gomez/Documents/L4/Movement.sv Line: 23
Info (10041): Inferred latch for "board_out[0][7][5]" at Movement.sv(23) File: C:/Users/Bryan Gomez/Documents/L4/Movement.sv Line: 23
Info (10041): Inferred latch for "board_out[0][7][6]" at Movement.sv(23) File: C:/Users/Bryan Gomez/Documents/L4/Movement.sv Line: 23
Info (10041): Inferred latch for "board_out[0][7][7]" at Movement.sv(23) File: C:/Users/Bryan Gomez/Documents/L4/Movement.sv Line: 23
Info (10041): Inferred latch for "board_out[0][6][0]" at Movement.sv(23) File: C:/Users/Bryan Gomez/Documents/L4/Movement.sv Line: 23
Info (10041): Inferred latch for "board_out[0][6][1]" at Movement.sv(23) File: C:/Users/Bryan Gomez/Documents/L4/Movement.sv Line: 23
Info (10041): Inferred latch for "board_out[0][6][2]" at Movement.sv(23) File: C:/Users/Bryan Gomez/Documents/L4/Movement.sv Line: 23
Info (10041): Inferred latch for "board_out[0][6][3]" at Movement.sv(23) File: C:/Users/Bryan Gomez/Documents/L4/Movement.sv Line: 23
Info (10041): Inferred latch for "board_out[0][6][4]" at Movement.sv(23) File: C:/Users/Bryan Gomez/Documents/L4/Movement.sv Line: 23
Info (10041): Inferred latch for "board_out[0][6][5]" at Movement.sv(23) File: C:/Users/Bryan Gomez/Documents/L4/Movement.sv Line: 23
Info (10041): Inferred latch for "board_out[0][6][6]" at Movement.sv(23) File: C:/Users/Bryan Gomez/Documents/L4/Movement.sv Line: 23
Info (10041): Inferred latch for "board_out[0][6][7]" at Movement.sv(23) File: C:/Users/Bryan Gomez/Documents/L4/Movement.sv Line: 23
Info (10041): Inferred latch for "board_out[0][5][0]" at Movement.sv(23) File: C:/Users/Bryan Gomez/Documents/L4/Movement.sv Line: 23
Info (10041): Inferred latch for "board_out[0][5][1]" at Movement.sv(23) File: C:/Users/Bryan Gomez/Documents/L4/Movement.sv Line: 23
Info (10041): Inferred latch for "board_out[0][5][2]" at Movement.sv(23) File: C:/Users/Bryan Gomez/Documents/L4/Movement.sv Line: 23
Info (10041): Inferred latch for "board_out[0][5][3]" at Movement.sv(23) File: C:/Users/Bryan Gomez/Documents/L4/Movement.sv Line: 23
Info (10041): Inferred latch for "board_out[0][5][4]" at Movement.sv(23) File: C:/Users/Bryan Gomez/Documents/L4/Movement.sv Line: 23
Info (10041): Inferred latch for "board_out[0][5][5]" at Movement.sv(23) File: C:/Users/Bryan Gomez/Documents/L4/Movement.sv Line: 23
Info (10041): Inferred latch for "board_out[0][5][6]" at Movement.sv(23) File: C:/Users/Bryan Gomez/Documents/L4/Movement.sv Line: 23
Info (10041): Inferred latch for "board_out[0][5][7]" at Movement.sv(23) File: C:/Users/Bryan Gomez/Documents/L4/Movement.sv Line: 23
Info (10041): Inferred latch for "board_out[0][4][0]" at Movement.sv(23) File: C:/Users/Bryan Gomez/Documents/L4/Movement.sv Line: 23
Info (10041): Inferred latch for "board_out[0][4][1]" at Movement.sv(23) File: C:/Users/Bryan Gomez/Documents/L4/Movement.sv Line: 23
Info (10041): Inferred latch for "board_out[0][4][2]" at Movement.sv(23) File: C:/Users/Bryan Gomez/Documents/L4/Movement.sv Line: 23
Info (10041): Inferred latch for "board_out[0][4][3]" at Movement.sv(23) File: C:/Users/Bryan Gomez/Documents/L4/Movement.sv Line: 23
Info (10041): Inferred latch for "board_out[0][4][4]" at Movement.sv(23) File: C:/Users/Bryan Gomez/Documents/L4/Movement.sv Line: 23
Info (10041): Inferred latch for "board_out[0][4][5]" at Movement.sv(23) File: C:/Users/Bryan Gomez/Documents/L4/Movement.sv Line: 23
Info (10041): Inferred latch for "board_out[0][4][6]" at Movement.sv(23) File: C:/Users/Bryan Gomez/Documents/L4/Movement.sv Line: 23
Info (10041): Inferred latch for "board_out[0][4][7]" at Movement.sv(23) File: C:/Users/Bryan Gomez/Documents/L4/Movement.sv Line: 23
Info (10041): Inferred latch for "board_out[0][3][0]" at Movement.sv(23) File: C:/Users/Bryan Gomez/Documents/L4/Movement.sv Line: 23
Info (10041): Inferred latch for "board_out[0][3][1]" at Movement.sv(23) File: C:/Users/Bryan Gomez/Documents/L4/Movement.sv Line: 23
Info (10041): Inferred latch for "board_out[0][3][2]" at Movement.sv(23) File: C:/Users/Bryan Gomez/Documents/L4/Movement.sv Line: 23
Info (10041): Inferred latch for "board_out[0][3][3]" at Movement.sv(23) File: C:/Users/Bryan Gomez/Documents/L4/Movement.sv Line: 23
Info (10041): Inferred latch for "board_out[0][3][4]" at Movement.sv(23) File: C:/Users/Bryan Gomez/Documents/L4/Movement.sv Line: 23
Info (10041): Inferred latch for "board_out[0][3][5]" at Movement.sv(23) File: C:/Users/Bryan Gomez/Documents/L4/Movement.sv Line: 23
Info (10041): Inferred latch for "board_out[0][3][6]" at Movement.sv(23) File: C:/Users/Bryan Gomez/Documents/L4/Movement.sv Line: 23
Info (10041): Inferred latch for "board_out[0][3][7]" at Movement.sv(23) File: C:/Users/Bryan Gomez/Documents/L4/Movement.sv Line: 23
Info (10041): Inferred latch for "board_out[0][2][0]" at Movement.sv(23) File: C:/Users/Bryan Gomez/Documents/L4/Movement.sv Line: 23
Info (10041): Inferred latch for "board_out[0][2][1]" at Movement.sv(23) File: C:/Users/Bryan Gomez/Documents/L4/Movement.sv Line: 23
Info (10041): Inferred latch for "board_out[0][2][2]" at Movement.sv(23) File: C:/Users/Bryan Gomez/Documents/L4/Movement.sv Line: 23
Info (10041): Inferred latch for "board_out[0][2][3]" at Movement.sv(23) File: C:/Users/Bryan Gomez/Documents/L4/Movement.sv Line: 23
Info (10041): Inferred latch for "board_out[0][2][4]" at Movement.sv(23) File: C:/Users/Bryan Gomez/Documents/L4/Movement.sv Line: 23
Info (10041): Inferred latch for "board_out[0][2][5]" at Movement.sv(23) File: C:/Users/Bryan Gomez/Documents/L4/Movement.sv Line: 23
Info (10041): Inferred latch for "board_out[0][2][6]" at Movement.sv(23) File: C:/Users/Bryan Gomez/Documents/L4/Movement.sv Line: 23
Info (10041): Inferred latch for "board_out[0][2][7]" at Movement.sv(23) File: C:/Users/Bryan Gomez/Documents/L4/Movement.sv Line: 23
Info (10041): Inferred latch for "board_out[0][1][0]" at Movement.sv(23) File: C:/Users/Bryan Gomez/Documents/L4/Movement.sv Line: 23
Info (10041): Inferred latch for "board_out[0][1][1]" at Movement.sv(23) File: C:/Users/Bryan Gomez/Documents/L4/Movement.sv Line: 23
Info (10041): Inferred latch for "board_out[0][1][2]" at Movement.sv(23) File: C:/Users/Bryan Gomez/Documents/L4/Movement.sv Line: 23
Info (10041): Inferred latch for "board_out[0][1][3]" at Movement.sv(23) File: C:/Users/Bryan Gomez/Documents/L4/Movement.sv Line: 23
Info (10041): Inferred latch for "board_out[0][1][4]" at Movement.sv(23) File: C:/Users/Bryan Gomez/Documents/L4/Movement.sv Line: 23
Info (10041): Inferred latch for "board_out[0][1][5]" at Movement.sv(23) File: C:/Users/Bryan Gomez/Documents/L4/Movement.sv Line: 23
Info (10041): Inferred latch for "board_out[0][1][6]" at Movement.sv(23) File: C:/Users/Bryan Gomez/Documents/L4/Movement.sv Line: 23
Info (10041): Inferred latch for "board_out[0][1][7]" at Movement.sv(23) File: C:/Users/Bryan Gomez/Documents/L4/Movement.sv Line: 23
Info (10041): Inferred latch for "board_out[0][0][0]" at Movement.sv(23) File: C:/Users/Bryan Gomez/Documents/L4/Movement.sv Line: 23
Info (10041): Inferred latch for "board_out[0][0][1]" at Movement.sv(23) File: C:/Users/Bryan Gomez/Documents/L4/Movement.sv Line: 23
Info (10041): Inferred latch for "board_out[0][0][2]" at Movement.sv(23) File: C:/Users/Bryan Gomez/Documents/L4/Movement.sv Line: 23
Info (10041): Inferred latch for "board_out[0][0][3]" at Movement.sv(23) File: C:/Users/Bryan Gomez/Documents/L4/Movement.sv Line: 23
Info (10041): Inferred latch for "board_out[0][0][4]" at Movement.sv(23) File: C:/Users/Bryan Gomez/Documents/L4/Movement.sv Line: 23
Info (10041): Inferred latch for "board_out[0][0][5]" at Movement.sv(23) File: C:/Users/Bryan Gomez/Documents/L4/Movement.sv Line: 23
Info (10041): Inferred latch for "board_out[0][0][6]" at Movement.sv(23) File: C:/Users/Bryan Gomez/Documents/L4/Movement.sv Line: 23
Info (10041): Inferred latch for "board_out[0][0][7]" at Movement.sv(23) File: C:/Users/Bryan Gomez/Documents/L4/Movement.sv Line: 23
Info (10008): Verilog HDL or VHDL information: EDA Netlist Writer cannot regroup multidimensional array "board_in" into its bus
Info (10008): Verilog HDL or VHDL information: EDA Netlist Writer cannot regroup multidimensional array "board_out" into its bus
Info (10008): Verilog HDL or VHDL information: EDA Netlist Writer cannot regroup multidimensional array "board_in" into its bus
Info (10008): Verilog HDL or VHDL information: EDA Netlist Writer cannot regroup multidimensional array "board_out" into its bus
Info (144001): Generated suppressed messages file C:/Users/Bryan Gomez/Documents/L4/output_files/Laboratorio4.map.smsg
Info: Quartus Prime Analysis & Elaboration was successful. 0 errors, 3 warnings
    Info: Peak virtual memory: 4836 megabytes
    Info: Processing ended: Fri Oct  6 20:20:40 2023
    Info: Elapsed time: 00:00:36
    Info: Total CPU time (on all processors): 00:00:36


+--------------------------------------------+
; Analysis & Elaboration Suppressed Messages ;
+--------------------------------------------+
The suppressed messages can be found in C:/Users/Bryan Gomez/Documents/L4/output_files/Laboratorio4.map.smsg.


